<?xml version="1.0" encoding="UTF-8"?>
<coverage generated="1564866818644" clover="3.2.0">
  <project timestamp="1564866818644" name="All files">
    <metrics statements="63" coveredstatements="51" conditionals="30" coveredconditionals="17" methods="12" coveredmethods="11" elements="105" coveredelements="79" complexity="0" loc="63" ncloc="63" packages="5" files="7" classes="7"/>
    <package name="components">
      <metrics statements="5" coveredstatements="5" conditionals="10" coveredconditionals="5" methods="1" coveredmethods="1"/>
      <file name="LoginComponent.jsx" path="/Users/jennyzalwango/Desktop/Bootcamp-Project/Epicmail-React/src/Login/components/LoginComponent.jsx">
        <metrics statements="5" coveredstatements="5" conditionals="10" coveredconditionals="5" methods="1" coveredmethods="1"/>
        <line num="5" count="2" type="stmt"/>
        <line num="6" count="2" type="stmt"/>
        <line num="19" count="1" type="stmt"/>
        <line num="81" count="2" type="stmt"/>
        <line num="91" count="2" type="stmt"/>
      </file>
    </package>
    <package name="containers">
      <metrics statements="38" coveredstatements="32" conditionals="14" coveredconditionals="9" methods="6" coveredmethods="5"/>
      <file name="LoginContainer.jsx" path="/Users/jennyzalwango/Desktop/Bootcamp-Project/Epicmail-React/src/Login/containers/LoginContainer.jsx">
        <metrics statements="38" coveredstatements="32" conditionals="14" coveredconditionals="9" methods="6" coveredmethods="5"/>
        <line num="10" count="3" type="stmt"/>
        <line num="11" count="3" type="stmt"/>
        <line num="20" count="3" type="stmt"/>
        <line num="21" count="1" type="stmt"/>
        <line num="23" count="1" type="stmt"/>
        <line num="24" count="1" type="stmt"/>
        <line num="25" count="1" type="stmt"/>
        <line num="26" count="1" type="cond" truecount="1" falsecount="1"/>
        <line num="28" count="1" type="cond" truecount="1" falsecount="1"/>
        <line num="29" count="1" type="stmt"/>
        <line num="30" count="1" type="stmt"/>
        <line num="32" count="0" type="stmt"/>
        <line num="33" count="0" type="stmt"/>
        <line num="35" count="1" type="stmt"/>
        <line num="37" count="0" type="stmt"/>
        <line num="39" count="1" type="stmt"/>
        <line num="42" count="3" type="stmt"/>
        <line num="43" count="4" type="stmt"/>
        <line num="44" count="4" type="cond" truecount="1" falsecount="1"/>
        <line num="45" count="0" type="stmt"/>
        <line num="47" count="4" type="stmt"/>
        <line num="50" count="3" type="stmt"/>
        <line num="51" count="6" type="stmt"/>
        <line num="52" count="6" type="stmt"/>
        <line num="53" count="6" type="stmt"/>
        <line num="58" count="6" type="cond" truecount="1" falsecount="1"/>
        <line num="59" count="0" type="stmt"/>
        <line num="61" count="6" type="cond" truecount="2" falsecount="0"/>
        <line num="62" count="5" type="stmt"/>
        <line num="64" count="6" type="stmt"/>
        <line num="66" count="6" type="stmt"/>
        <line num="67" count="6" type="cond" truecount="3" falsecount="1"/>
        <line num="68" count="0" type="stmt"/>
        <line num="73" count="17" type="stmt"/>
        <line num="78" count="17" type="stmt"/>
        <line num="79" count="17" type="stmt"/>
        <line num="94" count="1" type="stmt"/>
        <line num="101" count="1" type="stmt"/>
      </file>
    </package>
    <package name="redux">
      <metrics statements="3" coveredstatements="3" conditionals="0" coveredconditionals="0" methods="0" coveredmethods="0"/>
      <file name="loginUrls.js" path="/Users/jennyzalwango/Desktop/Bootcamp-Project/Epicmail-React/src/Login/redux/loginUrls.js">
        <metrics statements="1" coveredstatements="1" conditionals="0" coveredconditionals="0" methods="0" coveredmethods="0"/>
        <line num="1" count="2" type="stmt"/>
      </file>
      <file name="types.js" path="/Users/jennyzalwango/Desktop/Bootcamp-Project/Epicmail-React/src/Login/redux/types.js">
        <metrics statements="1" coveredstatements="1" conditionals="0" coveredconditionals="0" methods="0" coveredmethods="0"/>
        <line num="1" count="3" type="stmt"/>
      </file>
      <file name="validations.js" path="/Users/jennyzalwango/Desktop/Bootcamp-Project/Epicmail-React/src/Login/redux/validations.js">
        <metrics statements="1" coveredstatements="1" conditionals="0" coveredconditionals="0" methods="0" coveredmethods="0"/>
        <line num="1" count="1" type="stmt"/>
      </file>
    </package>
    <package name="redux.actions">
      <metrics statements="10" coveredstatements="6" conditionals="0" coveredconditionals="0" methods="4" coveredmethods="4"/>
      <file name="LoginAction.js" path="/Users/jennyzalwango/Desktop/Bootcamp-Project/Epicmail-React/src/Login/redux/actions/LoginAction.js">
        <metrics statements="10" coveredstatements="6" conditionals="0" coveredconditionals="0" methods="4" coveredmethods="4"/>
        <line num="7" count="2" type="stmt"/>
        <line num="8" count="2" type="stmt"/>
        <line num="11" count="2" type="stmt"/>
        <line num="19" count="1" type="stmt"/>
        <line num="23" count="1" type="stmt"/>
        <line num="24" count="0" type="stmt"/>
        <line num="25" count="0" type="stmt"/>
        <line num="26" count="0" type="stmt"/>
        <line num="31" count="0" type="stmt"/>
        <line num="34" count="2" type="stmt"/>
      </file>
    </package>
    <package name="redux.reducers">
      <metrics statements="7" coveredstatements="5" conditionals="6" coveredconditionals="3" methods="1" coveredmethods="1"/>
      <file name="loginReducer.js" path="/Users/jennyzalwango/Desktop/Bootcamp-Project/Epicmail-React/src/Login/redux/reducers/loginReducer.js">
        <metrics statements="7" coveredstatements="5" conditionals="6" coveredconditionals="3" methods="1" coveredmethods="1"/>
        <line num="2" count="1" type="stmt"/>
        <line num="14" count="3" type="cond" truecount="3" falsecount="2"/>
        <line num="16" count="1" type="stmt"/>
        <line num="23" count="1" type="stmt"/>
        <line num="31" count="1" type="stmt"/>
        <line num="38" count="0" type="stmt"/>
        <line num="44" count="0" type="stmt"/>
      </file>
    </package>
  </project>
</coverage>
