{"/Users/jennyzalwango/Desktop/Bootcamp-Project/Epicmail-React/src/Login/components/LoginComponent.jsx": {"path":"/Users/jennyzalwango/Desktop/Bootcamp-Project/Epicmail-React/src/Login/components/LoginComponent.jsx","statementMap":{"0":{"start":{"line":5,"column":15},"end":{"line":5,"column":38}},"1":{"start":{"line":6,"column":14},"end":{"line":79,"column":1}},"2":{"start":{"line":19,"column":4},"end":{"line":78,"column":10}},"3":{"start":{"line":81,"column":0},"end":{"line":90,"column":2}},"4":{"start":{"line":91,"column":0},"end":{"line":94,"column":2}}},"fnMap":{"0":{"name":"(anonymous_0)","decl":{"start":{"line":6,"column":14},"end":{"line":6,"column":15}},"loc":{"start":{"line":19,"column":4},"end":{"line":78,"column":10}},"line":19}},"branchMap":{"0":{"loc":{"start":{"line":31,"column":20},"end":{"line":38,"column":34}},"type":"cond-expr","locations":[{"start":{"line":33,"column":28},"end":{"line":36,"column":34}},{"start":{"line":38,"column":25},"end":{"line":38,"column":33}}],"line":31},"1":{"loc":{"start":{"line":43,"column":24},"end":{"line":50,"column":38}},"type":"cond-expr","locations":[{"start":{"line":45,"column":32},"end":{"line":48,"column":38}},{"start":{"line":50,"column":29},"end":{"line":50,"column":37}}],"line":43},"2":{"loc":{"start":{"line":53,"column":24},"end":{"line":53,"column":94}},"type":"binary-expr","locations":[{"start":{"line":53,"column":24},"end":{"line":53,"column":40}},{"start":{"line":53,"column":45},"end":{"line":53,"column":93}}],"line":53},"3":{"loc":{"start":{"line":60,"column":24},"end":{"line":60,"column":100}},"type":"binary-expr","locations":[{"start":{"line":60,"column":24},"end":{"line":60,"column":43}},{"start":{"line":60,"column":48},"end":{"line":60,"column":99}}],"line":60},"4":{"loc":{"start":{"line":67,"column":30},"end":{"line":67,"column":92}},"type":"cond-expr","locations":[{"start":{"line":67,"column":45},"end":{"line":67,"column":68}},{"start":{"line":67,"column":73},"end":{"line":67,"column":91}}],"line":67}},"s":{"0":2,"1":2,"2":1,"3":2,"4":2},"f":{"0":1},"b":{"0":[0,1],"1":[0,1],"2":[1,0],"3":[1,0],"4":[0,1]},"_coverageSchema":"43e27e138ebf9cfc5966b082cf9a028302ed4184","hash":"4f588de2840f6246441f3c466e529ac3e5a46c39"}
,"/Users/jennyzalwango/Desktop/Bootcamp-Project/Epicmail-React/src/Login/containers/LoginContainer.jsx": {"path":"/Users/jennyzalwango/Desktop/Bootcamp-Project/Epicmail-React/src/Login/containers/LoginContainer.jsx","statementMap":{"0":{"start":{"line":10,"column":8},"end":{"line":10,"column":21}},"1":{"start":{"line":11,"column":8},"end":{"line":17,"column":10}},"2":{"start":{"line":20,"column":13},"end":{"line":40,"column":3}},"3":{"start":{"line":21,"column":6},"end":{"line":21,"column":65}},"4":{"start":{"line":23,"column":25},"end":{"line":23,"column":30}},"5":{"start":{"line":24,"column":30},"end":{"line":24,"column":36}},"6":{"start":{"line":25,"column":25},"end":{"line":25,"column":35}},"7":{"start":{"line":26,"column":6},"end":{"line":38,"column":7}},"8":{"start":{"line":28,"column":14},"end":{"line":34,"column":15}},"9":{"start":{"line":29,"column":18},"end":{"line":29,"column":99}},"10":{"start":{"line":30,"column":18},"end":{"line":30,"column":46}},"11":{"start":{"line":32,"column":18},"end":{"line":32,"column":63}},"12":{"start":{"line":33,"column":18},"end":{"line":33,"column":47}},"13":{"start":{"line":35,"column":14},"end":{"line":35,"column":20}},"14":{"start":{"line":37,"column":14},"end":{"line":37,"column":20}},"15":{"start":{"line":39,"column":6},"end":{"line":39,"column":65}},"16":{"start":{"line":42,"column":20},"end":{"line":48,"column":3}},"17":{"start":{"line":43,"column":25},"end":{"line":43,"column":46}},"18":{"start":{"line":44,"column":6},"end":{"line":46,"column":7}},"19":{"start":{"line":45,"column":10},"end":{"line":45,"column":22}},"20":{"start":{"line":47,"column":6},"end":{"line":47,"column":19}},"21":{"start":{"line":50,"column":17},"end":{"line":70,"column":3}},"22":{"start":{"line":51,"column":6},"end":{"line":51,"column":29}},"23":{"start":{"line":52,"column":34},"end":{"line":52,"column":44}},"24":{"start":{"line":53,"column":23},"end":{"line":56,"column":7}},"25":{"start":{"line":58,"column":6},"end":{"line":60,"column":7}},"26":{"start":{"line":59,"column":10},"end":{"line":59,"column":75}},"27":{"start":{"line":61,"column":6},"end":{"line":63,"column":7}},"28":{"start":{"line":62,"column":10},"end":{"line":62,"column":84}},"29":{"start":{"line":64,"column":35},"end":{"line":64,"column":45}},"30":{"start":{"line":66,"column":25},"end":{"line":66,"column":35}},"31":{"start":{"line":67,"column":6},"end":{"line":69,"column":7}},"32":{"start":{"line":68,"column":10},"end":{"line":68,"column":49}},"33":{"start":{"line":73,"column":42},"end":{"line":73,"column":52}},"34":{"start":{"line":78,"column":10},"end":{"line":78,"column":20}},"35":{"start":{"line":79,"column":6},"end":{"line":90,"column":8}},"36":{"start":{"line":94,"column":0},"end":{"line":99,"column":2}},"37":{"start":{"line":101,"column":24},"end":{"line":106,"column":2}},"38":{"start":{"line":101,"column":34},"end":{"line":106,"column":1}}},"fnMap":{"0":{"name":"(anonymous_0)","decl":{"start":{"line":9,"column":4},"end":{"line":9,"column":5}},"loc":{"start":{"line":9,"column":24},"end":{"line":18,"column":5}},"line":9},"1":{"name":"(anonymous_1)","decl":{"start":{"line":20,"column":13},"end":{"line":20,"column":14}},"loc":{"start":{"line":20,"column":24},"end":{"line":40,"column":3}},"line":20},"2":{"name":"(anonymous_2)","decl":{"start":{"line":42,"column":20},"end":{"line":42,"column":21}},"loc":{"start":{"line":42,"column":35},"end":{"line":48,"column":3}},"line":42},"3":{"name":"(anonymous_3)","decl":{"start":{"line":50,"column":17},"end":{"line":50,"column":18}},"loc":{"start":{"line":50,"column":28},"end":{"line":70,"column":3}},"line":50},"4":{"name":"(anonymous_4)","decl":{"start":{"line":72,"column":2},"end":{"line":72,"column":3}},"loc":{"start":{"line":72,"column":12},"end":{"line":91,"column":3}},"line":72},"5":{"name":"(anonymous_5)","decl":{"start":{"line":101,"column":24},"end":{"line":101,"column":25}},"loc":{"start":{"line":101,"column":34},"end":{"line":106,"column":1}},"line":101}},"branchMap":{"0":{"loc":{"start":{"line":26,"column":6},"end":{"line":38,"column":7}},"type":"switch","locations":[{"start":{"line":27,"column":10},"end":{"line":35,"column":20}},{"start":{"line":36,"column":10},"end":{"line":37,"column":20}}],"line":26},"1":{"loc":{"start":{"line":28,"column":14},"end":{"line":34,"column":15}},"type":"if","locations":[{"start":{"line":28,"column":14},"end":{"line":34,"column":15}},{"start":{"line":28,"column":14},"end":{"line":34,"column":15}}],"line":28},"2":{"loc":{"start":{"line":44,"column":6},"end":{"line":46,"column":7}},"type":"if","locations":[{"start":{"line":44,"column":6},"end":{"line":46,"column":7}},{"start":{"line":44,"column":6},"end":{"line":46,"column":7}}],"line":44},"3":{"loc":{"start":{"line":58,"column":6},"end":{"line":60,"column":7}},"type":"if","locations":[{"start":{"line":58,"column":6},"end":{"line":60,"column":7}},{"start":{"line":58,"column":6},"end":{"line":60,"column":7}}],"line":58},"4":{"loc":{"start":{"line":61,"column":6},"end":{"line":63,"column":7}},"type":"if","locations":[{"start":{"line":61,"column":6},"end":{"line":63,"column":7}},{"start":{"line":61,"column":6},"end":{"line":63,"column":7}}],"line":61},"5":{"loc":{"start":{"line":67,"column":6},"end":{"line":69,"column":7}},"type":"if","locations":[{"start":{"line":67,"column":6},"end":{"line":69,"column":7}},{"start":{"line":67,"column":6},"end":{"line":69,"column":7}}],"line":67},"6":{"loc":{"start":{"line":67,"column":10},"end":{"line":67,"column":58}},"type":"binary-expr","locations":[{"start":{"line":67,"column":10},"end":{"line":67,"column":31}},{"start":{"line":67,"column":35},"end":{"line":67,"column":58}}],"line":67}},"s":{"0":3,"1":3,"2":3,"3":1,"4":1,"5":1,"6":1,"7":1,"8":1,"9":1,"10":1,"11":0,"12":0,"13":1,"14":0,"15":1,"16":3,"17":4,"18":4,"19":0,"20":4,"21":3,"22":6,"23":6,"24":6,"25":6,"26":0,"27":6,"28":5,"29":6,"30":6,"31":6,"32":0,"33":17,"34":17,"35":17,"36":1,"37":1,"38":0},"f":{"0":3,"1":1,"2":4,"3":6,"4":17,"5":0},"b":{"0":[1,0],"1":[1,0],"2":[0,4],"3":[0,6],"4":[5,1],"5":[0,6],"6":[6,6]},"_coverageSchema":"43e27e138ebf9cfc5966b082cf9a028302ed4184","hash":"95274d6d1678ae8ea733d8abe7cf18e6c9dbbef0"}
,"/Users/jennyzalwango/Desktop/Bootcamp-Project/Epicmail-React/src/Login/redux/loginUrls.js": {"path":"/Users/jennyzalwango/Desktop/Bootcamp-Project/Epicmail-React/src/Login/redux/loginUrls.js","statementMap":{"0":{"start":{"line":1,"column":17},"end":{"line":3,"column":1}}},"fnMap":{},"branchMap":{},"s":{"0":2},"f":{},"b":{},"_coverageSchema":"43e27e138ebf9cfc5966b082cf9a028302ed4184","hash":"f0d453b2cb229c3fcdcc03aa81398638eca1b6e5"}
,"/Users/jennyzalwango/Desktop/Bootcamp-Project/Epicmail-React/src/Login/redux/types.js": {"path":"/Users/jennyzalwango/Desktop/Bootcamp-Project/Epicmail-React/src/Login/redux/types.js","statementMap":{"0":{"start":{"line":1,"column":19},"end":{"line":6,"column":1}}},"fnMap":{},"branchMap":{},"s":{"0":3},"f":{},"b":{},"_coverageSchema":"43e27e138ebf9cfc5966b082cf9a028302ed4184","hash":"62fbdd5f5ee4563daaccf149edf783a11b8797d3"}
,"/Users/jennyzalwango/Desktop/Bootcamp-Project/Epicmail-React/src/Login/redux/validations.js": {"path":"/Users/jennyzalwango/Desktop/Bootcamp-Project/Epicmail-React/src/Login/redux/validations.js","statementMap":{"0":{"start":{"line":1,"column":18},"end":{"line":3,"column":1}}},"fnMap":{},"branchMap":{},"s":{"0":1},"f":{},"b":{},"_coverageSchema":"43e27e138ebf9cfc5966b082cf9a028302ed4184","hash":"7aebd0b9da6881df5e685557a23c8d4ae3ce0bd1"}
,"/Users/jennyzalwango/Desktop/Bootcamp-Project/Epicmail-React/src/Login/redux/actions/LoginAction.js": {"path":"/Users/jennyzalwango/Desktop/Bootcamp-Project/Epicmail-React/src/Login/redux/actions/LoginAction.js","statementMap":{"0":{"start":{"line":7,"column":20},"end":{"line":39,"column":1}},"1":{"start":{"line":7,"column":41},"end":{"line":39,"column":1}},"2":{"start":{"line":8,"column":4},"end":{"line":10,"column":7}},"3":{"start":{"line":11,"column":4},"end":{"line":38,"column":11}},"4":{"start":{"line":19,"column":12},"end":{"line":21,"column":17}},"5":{"start":{"line":23,"column":12},"end":{"line":23,"column":71}},"6":{"start":{"line":24,"column":12},"end":{"line":24,"column":78}},"7":{"start":{"line":25,"column":12},"end":{"line":25,"column":71}},"8":{"start":{"line":26,"column":12},"end":{"line":29,"column":15}},"9":{"start":{"line":31,"column":12},"end":{"line":31,"column":44}},"10":{"start":{"line":34,"column":12},"end":{"line":37,"column":15}}},"fnMap":{"0":{"name":"(anonymous_0)","decl":{"start":{"line":7,"column":20},"end":{"line":7,"column":21}},"loc":{"start":{"line":7,"column":41},"end":{"line":39,"column":1}},"line":7},"1":{"name":"(anonymous_1)","decl":{"start":{"line":7,"column":41},"end":{"line":7,"column":42}},"loc":{"start":{"line":7,"column":55},"end":{"line":39,"column":1}},"line":7},"2":{"name":"(anonymous_2)","decl":{"start":{"line":18,"column":14},"end":{"line":18,"column":15}},"loc":{"start":{"line":18,"column":23},"end":{"line":32,"column":9}},"line":18},"3":{"name":"(anonymous_3)","decl":{"start":{"line":33,"column":15},"end":{"line":33,"column":16}},"loc":{"start":{"line":33,"column":26},"end":{"line":38,"column":9}},"line":33}},"branchMap":{},"s":{"0":2,"1":2,"2":2,"3":2,"4":1,"5":1,"6":0,"7":0,"8":0,"9":0,"10":2},"f":{"0":2,"1":2,"2":1,"3":2},"b":{},"_coverageSchema":"43e27e138ebf9cfc5966b082cf9a028302ed4184","hash":"c83486a020c93adc1cb8c0048d3f53e4a30209ee"}
,"/Users/jennyzalwango/Desktop/Bootcamp-Project/Epicmail-React/src/Login/redux/reducers/loginReducer.js": {"path":"/Users/jennyzalwango/Desktop/Bootcamp-Project/Epicmail-React/src/Login/redux/reducers/loginReducer.js","statementMap":{"0":{"start":{"line":2,"column":21},"end":{"line":11,"column":1}},"1":{"start":{"line":14,"column":4},"end":{"line":45,"column":5}},"2":{"start":{"line":16,"column":12},"end":{"line":21,"column":14}},"3":{"start":{"line":23,"column":12},"end":{"line":29,"column":14}},"4":{"start":{"line":31,"column":12},"end":{"line":36,"column":14}},"5":{"start":{"line":38,"column":12},"end":{"line":42,"column":14}},"6":{"start":{"line":44,"column":12},"end":{"line":44,"column":25}}},"fnMap":{"0":{"name":"(anonymous_0)","decl":{"start":{"line":13,"column":15},"end":{"line":13,"column":16}},"loc":{"start":{"line":13,"column":66},"end":{"line":46,"column":1}},"line":13}},"branchMap":{"0":{"loc":{"start":{"line":13,"column":25},"end":{"line":13,"column":45}},"type":"default-arg","locations":[{"start":{"line":13,"column":33},"end":{"line":13,"column":45}}],"line":13},"1":{"loc":{"start":{"line":14,"column":4},"end":{"line":45,"column":5}},"type":"switch","locations":[{"start":{"line":15,"column":8},"end":{"line":21,"column":14}},{"start":{"line":22,"column":8},"end":{"line":29,"column":14}},{"start":{"line":30,"column":8},"end":{"line":36,"column":14}},{"start":{"line":37,"column":8},"end":{"line":42,"column":14}},{"start":{"line":43,"column":8},"end":{"line":44,"column":25}}],"line":14}},"s":{"0":1,"1":3,"2":1,"3":1,"4":1,"5":0,"6":0},"f":{"0":3},"b":{"0":[0],"1":[1,1,1,0,0]},"_coverageSchema":"43e27e138ebf9cfc5966b082cf9a028302ed4184","hash":"733b9c4397e3335755a689fba1281754db86b0c4"}
}
