{"/Users/jennyzalwango/Desktop/forever_realers/ah-frontend-realers/src/App.jsx": {"path":"/Users/jennyzalwango/Desktop/forever_realers/ah-frontend-realers/src/App.jsx","statementMap":{"0":{"start":{"line":19,"column":2},"end":{"line":36,"column":4}}},"fnMap":{"0":{"name":"App","decl":{"start":{"line":18,"column":24},"end":{"line":18,"column":27}},"loc":{"start":{"line":18,"column":30},"end":{"line":37,"column":1}},"line":18}},"branchMap":{},"s":{"0":1},"f":{"0":1},"b":{},"_coverageSchema":"43e27e138ebf9cfc5966b082cf9a028302ed4184","hash":"019055170d7a51ec7d9b602b7dd6ddfc1c80adfb"}
,"/Users/jennyzalwango/Desktop/forever_realers/ah-frontend-realers/src/Articles/components/AllArticles.jsx": {"path":"/Users/jennyzalwango/Desktop/forever_realers/ah-frontend-realers/src/Articles/components/AllArticles.jsx","statementMap":{"0":{"start":{"line":11,"column":28},"end":{"line":11,"column":38}},"1":{"start":{"line":12,"column":4},"end":{"line":12,"column":18}},"2":{"start":{"line":15,"column":22},"end":{"line":15,"column":32}},"3":{"start":{"line":16,"column":4},"end":{"line":30,"column":6}},"4":{"start":{"line":22,"column":16},"end":{"line":22,"column":64}},"5":{"start":{"line":34,"column":0},"end":{"line":37,"column":2}},"6":{"start":{"line":39,"column":0},"end":{"line":42,"column":2}},"7":{"start":{"line":44,"column":31},"end":{"line":47,"column":1}},"8":{"start":{"line":45,"column":34},"end":{"line":45,"column":57}},"9":{"start":{"line":46,"column":2},"end":{"line":46,"column":33}},"10":{"start":{"line":49,"column":34},"end":{"line":53,"column":2}},"11":{"start":{"line":49,"column":47},"end":{"line":53,"column":1}},"12":{"start":{"line":51,"column":4},"end":{"line":51,"column":31}}},"fnMap":{"0":{"name":"(anonymous_0)","decl":{"start":{"line":10,"column":2},"end":{"line":10,"column":3}},"loc":{"start":{"line":10,"column":22},"end":{"line":13,"column":3}},"line":10},"1":{"name":"(anonymous_1)","decl":{"start":{"line":14,"column":2},"end":{"line":14,"column":3}},"loc":{"start":{"line":14,"column":11},"end":{"line":31,"column":3}},"line":14},"2":{"name":"(anonymous_2)","decl":{"start":{"line":21,"column":25},"end":{"line":21,"column":26}},"loc":{"start":{"line":22,"column":16},"end":{"line":22,"column":64}},"line":22},"3":{"name":"(anonymous_3)","decl":{"start":{"line":44,"column":31},"end":{"line":44,"column":32}},"loc":{"start":{"line":44,"column":40},"end":{"line":47,"column":1}},"line":44},"4":{"name":"(anonymous_4)","decl":{"start":{"line":49,"column":34},"end":{"line":49,"column":35}},"loc":{"start":{"line":49,"column":47},"end":{"line":53,"column":1}},"line":49},"5":{"name":"(anonymous_5)","decl":{"start":{"line":50,"column":15},"end":{"line":50,"column":16}},"loc":{"start":{"line":50,"column":21},"end":{"line":52,"column":3}},"line":50}},"branchMap":{"0":{"loc":{"start":{"line":19,"column":11},"end":{"line":27,"column":11}},"type":"cond-expr","locations":[{"start":{"line":20,"column":12},"end":{"line":24,"column":18}},{"start":{"line":26,"column":12},"end":{"line":26,"column":66}}],"line":19}},"s":{"0":2,"1":2,"2":3,"3":3,"4":3,"5":2,"6":2,"7":2,"8":1,"9":1,"10":2,"11":2,"12":1},"f":{"0":2,"1":3,"2":3,"3":1,"4":2,"5":1},"b":{"0":[3,0]},"_coverageSchema":"43e27e138ebf9cfc5966b082cf9a028302ed4184","hash":"5c08c49e6316276e8fdfdd60553b88be16a0a4c4"}
,"/Users/jennyzalwango/Desktop/forever_realers/ah-frontend-realers/src/Articles/redux/types.jsx": {"path":"/Users/jennyzalwango/Desktop/forever_realers/ah-frontend-realers/src/Articles/redux/types.jsx","statementMap":{"0":{"start":{"line":1,"column":32},"end":{"line":1,"column":50}},"1":{"start":{"line":2,"column":30},"end":{"line":2,"column":46}},"2":{"start":{"line":3,"column":38},"end":{"line":3,"column":62}}},"fnMap":{},"branchMap":{},"s":{"0":4,"1":4,"2":4},"f":{},"b":{},"_coverageSchema":"43e27e138ebf9cfc5966b082cf9a028302ed4184","hash":"cd32576140646175d418cfa5a026684793f633c6"}
,"/Users/jennyzalwango/Desktop/forever_realers/ah-frontend-realers/src/Articles/redux/actions/AllArticlesActions.js": {"path":"/Users/jennyzalwango/Desktop/forever_realers/ah-frontend-realers/src/Articles/redux/actions/AllArticlesActions.js","statementMap":{"0":{"start":{"line":4,"column":37},"end":{"line":6,"column":2}},"1":{"start":{"line":4,"column":44},"end":{"line":6,"column":1}},"2":{"start":{"line":8,"column":34},"end":{"line":11,"column":2}},"3":{"start":{"line":8,"column":47},"end":{"line":11,"column":1}},"4":{"start":{"line":13,"column":35},"end":{"line":19,"column":2}},"5":{"start":{"line":13,"column":45},"end":{"line":19,"column":1}},"6":{"start":{"line":21,"column":23},"end":{"line":29,"column":1}},"7":{"start":{"line":21,"column":29},"end":{"line":29,"column":1}},"8":{"start":{"line":22,"column":2},"end":{"line":22,"column":36}},"9":{"start":{"line":24,"column":2},"end":{"line":28,"column":7}},"10":{"start":{"line":25,"column":22},"end":{"line":25,"column":60}},"11":{"start":{"line":27,"column":6},"end":{"line":27,"column":43}}},"fnMap":{"0":{"name":"(anonymous_0)","decl":{"start":{"line":4,"column":37},"end":{"line":4,"column":38}},"loc":{"start":{"line":4,"column":44},"end":{"line":6,"column":1}},"line":4},"1":{"name":"(anonymous_1)","decl":{"start":{"line":8,"column":34},"end":{"line":8,"column":35}},"loc":{"start":{"line":8,"column":47},"end":{"line":11,"column":1}},"line":8},"2":{"name":"(anonymous_2)","decl":{"start":{"line":13,"column":35},"end":{"line":13,"column":36}},"loc":{"start":{"line":13,"column":45},"end":{"line":19,"column":1}},"line":13},"3":{"name":"(anonymous_3)","decl":{"start":{"line":21,"column":23},"end":{"line":21,"column":24}},"loc":{"start":{"line":21,"column":29},"end":{"line":29,"column":1}},"line":21},"4":{"name":"(anonymous_4)","decl":{"start":{"line":21,"column":29},"end":{"line":21,"column":30}},"loc":{"start":{"line":21,"column":43},"end":{"line":29,"column":1}},"line":21},"5":{"name":"(anonymous_5)","decl":{"start":{"line":25,"column":10},"end":{"line":25,"column":11}},"loc":{"start":{"line":25,"column":22},"end":{"line":25,"column":60}},"line":25},"6":{"name":"(anonymous_6)","decl":{"start":{"line":26,"column":11},"end":{"line":26,"column":12}},"loc":{"start":{"line":26,"column":22},"end":{"line":28,"column":5}},"line":26}},"branchMap":{},"s":{"0":3,"1":2,"2":3,"3":1,"4":3,"5":1,"6":3,"7":3,"8":2,"9":2,"10":1,"11":1},"f":{"0":2,"1":1,"2":1,"3":3,"4":2,"5":1,"6":1},"b":{},"_coverageSchema":"43e27e138ebf9cfc5966b082cf9a028302ed4184","hash":"8c680693169a01002c12948e1ad123dd61753ff5"}
,"/Users/jennyzalwango/Desktop/forever_realers/ah-frontend-realers/src/Articles/redux/reducers/allArticlesReducer.jsx": {"path":"/Users/jennyzalwango/Desktop/forever_realers/ah-frontend-realers/src/Articles/redux/reducers/allArticlesReducer.jsx","statementMap":{"0":{"start":{"line":3,"column":21},"end":{"line":7,"column":1}},"1":{"start":{"line":9,"column":26},"end":{"line":32,"column":1}},"2":{"start":{"line":10,"column":2},"end":{"line":31,"column":3}},"3":{"start":{"line":12,"column":6},"end":{"line":17,"column":8}},"4":{"start":{"line":19,"column":6},"end":{"line":22,"column":8}},"5":{"start":{"line":24,"column":6},"end":{"line":28,"column":8}},"6":{"start":{"line":30,"column":6},"end":{"line":30,"column":19}}},"fnMap":{"0":{"name":"(anonymous_0)","decl":{"start":{"line":9,"column":26},"end":{"line":9,"column":27}},"loc":{"start":{"line":9,"column":60},"end":{"line":32,"column":1}},"line":9}},"branchMap":{"0":{"loc":{"start":{"line":9,"column":27},"end":{"line":9,"column":47}},"type":"default-arg","locations":[{"start":{"line":9,"column":35},"end":{"line":9,"column":47}}],"line":9},"1":{"loc":{"start":{"line":10,"column":2},"end":{"line":31,"column":3}},"type":"switch","locations":[{"start":{"line":11,"column":4},"end":{"line":17,"column":8}},{"start":{"line":18,"column":4},"end":{"line":22,"column":8}},{"start":{"line":23,"column":4},"end":{"line":28,"column":8}},{"start":{"line":29,"column":4},"end":{"line":30,"column":19}}],"line":10}},"s":{"0":2,"1":2,"2":7,"3":1,"4":1,"5":1,"6":4},"f":{"0":7},"b":{"0":[7],"1":[1,1,1,4]},"_coverageSchema":"43e27e138ebf9cfc5966b082cf9a028302ed4184","hash":"3e83bd091a5da8bc04efba03e8176bd20bf92481"}
,"/Users/jennyzalwango/Desktop/forever_realers/ah-frontend-realers/src/Landing/components/ActionButton.jsx": {"path":"/Users/jennyzalwango/Desktop/forever_realers/ah-frontend-realers/src/Landing/components/ActionButton.jsx","statementMap":{"0":{"start":{"line":6,"column":2},"end":{"line":12,"column":4}}},"fnMap":{"0":{"name":"ActionButton","decl":{"start":{"line":5,"column":24},"end":{"line":5,"column":36}},"loc":{"start":{"line":5,"column":39},"end":{"line":13,"column":1}},"line":5}},"branchMap":{},"s":{"0":1},"f":{"0":1},"b":{},"_coverageSchema":"43e27e138ebf9cfc5966b082cf9a028302ed4184","hash":"c1abdb2dbfb53a53c207fbb55dd7b59de7211f3e"}
,"/Users/jennyzalwango/Desktop/forever_realers/ah-frontend-realers/src/Landing/components/LatestArticles.jsx": {"path":"/Users/jennyzalwango/Desktop/forever_realers/ah-frontend-realers/src/Landing/components/LatestArticles.jsx","statementMap":{"0":{"start":{"line":14,"column":2},"end":{"line":39,"column":4}},"1":{"start":{"line":24,"column":20},"end":{"line":24,"column":68}},"2":{"start":{"line":42,"column":0},"end":{"line":44,"column":2}}},"fnMap":{"0":{"name":"LatestArticles","decl":{"start":{"line":13,"column":9},"end":{"line":13,"column":23}},"loc":{"start":{"line":13,"column":57},"end":{"line":40,"column":1}},"line":13},"1":{"name":"(anonymous_1)","decl":{"start":{"line":23,"column":37},"end":{"line":23,"column":38}},"loc":{"start":{"line":24,"column":20},"end":{"line":24,"column":68}},"line":24}},"branchMap":{"0":{"loc":{"start":{"line":18,"column":8},"end":{"line":36,"column":11}},"type":"cond-expr","locations":[{"start":{"line":20,"column":12},"end":{"line":29,"column":24}},{"start":{"line":32,"column":12},"end":{"line":35,"column":14}}],"line":18}},"s":{"0":3,"1":2,"2":3},"f":{"0":3,"1":2},"b":{"0":[1,2]},"_coverageSchema":"43e27e138ebf9cfc5966b082cf9a028302ed4184","hash":"e73c71668917a4227b0d9eb60c04558c61b6ebf1"}
,"/Users/jennyzalwango/Desktop/forever_realers/ah-frontend-realers/src/Landing/components/RecommendArticles.jsx": {"path":"/Users/jennyzalwango/Desktop/forever_realers/ah-frontend-realers/src/Landing/components/RecommendArticles.jsx","statementMap":{"0":{"start":{"line":11,"column":2},"end":{"line":42,"column":4}}},"fnMap":{"0":{"name":"RecommendedArticles","decl":{"start":{"line":10,"column":9},"end":{"line":10,"column":28}},"loc":{"start":{"line":10,"column":67},"end":{"line":43,"column":1}},"line":10}},"branchMap":{"0":{"loc":{"start":{"line":15,"column":8},"end":{"line":39,"column":11}},"type":"cond-expr","locations":[{"start":{"line":17,"column":12},"end":{"line":32,"column":24}},{"start":{"line":35,"column":12},"end":{"line":38,"column":14}}],"line":15}},"s":{"0":3},"f":{"0":3},"b":{"0":[1,2]},"_coverageSchema":"43e27e138ebf9cfc5966b082cf9a028302ed4184","hash":"b56b18b92acc253273eab9213d98726156d292fb"}
,"/Users/jennyzalwango/Desktop/forever_realers/ah-frontend-realers/src/Landing/containers/Landing.jsx": {"path":"/Users/jennyzalwango/Desktop/forever_realers/ah-frontend-realers/src/Landing/containers/Landing.jsx","statementMap":{"0":{"start":{"line":13,"column":4},"end":{"line":13,"column":37}},"1":{"start":{"line":22,"column":8},"end":{"line":22,"column":18}},"2":{"start":{"line":24,"column":4},"end":{"line":43,"column":6}},"3":{"start":{"line":47,"column":31},"end":{"line":52,"column":2}},"4":{"start":{"line":47,"column":41},"end":{"line":52,"column":1}}},"fnMap":{"0":{"name":"(anonymous_0)","decl":{"start":{"line":12,"column":2},"end":{"line":12,"column":3}},"loc":{"start":{"line":12,"column":23},"end":{"line":14,"column":3}},"line":12},"1":{"name":"(anonymous_1)","decl":{"start":{"line":16,"column":2},"end":{"line":16,"column":3}},"loc":{"start":{"line":16,"column":11},"end":{"line":44,"column":3}},"line":16},"2":{"name":"(anonymous_2)","decl":{"start":{"line":47,"column":31},"end":{"line":47,"column":32}},"loc":{"start":{"line":47,"column":41},"end":{"line":52,"column":1}},"line":47}},"branchMap":{"0":{"loc":{"start":{"line":27,"column":8},"end":{"line":40,"column":11}},"type":"cond-expr","locations":[{"start":{"line":28,"column":12},"end":{"line":28,"column":23}},{"start":{"line":30,"column":12},"end":{"line":39,"column":18}}],"line":27}},"s":{"0":2,"1":3,"2":3,"3":2,"4":1},"f":{"0":2,"1":3,"2":1},"b":{"0":[1,2]},"_coverageSchema":"43e27e138ebf9cfc5966b082cf9a028302ed4184","hash":"359582c9d62f71778fe2fdf9f9470199eaff9193"}
,"/Users/jennyzalwango/Desktop/forever_realers/ah-frontend-realers/src/Landing/redux/types.jsx": {"path":"/Users/jennyzalwango/Desktop/forever_realers/ah-frontend-realers/src/Landing/redux/types.jsx","statementMap":{"0":{"start":{"line":1,"column":34},"end":{"line":1,"column":54}},"1":{"start":{"line":2,"column":28},"end":{"line":2,"column":42}},"2":{"start":{"line":3,"column":39},"end":{"line":3,"column":64}}},"fnMap":{},"branchMap":{},"s":{"0":4,"1":4,"2":4},"f":{},"b":{},"_coverageSchema":"43e27e138ebf9cfc5966b082cf9a028302ed4184","hash":"8ad5e13acf5784f8798e7eeb93d5cf220f780275"}
,"/Users/jennyzalwango/Desktop/forever_realers/ah-frontend-realers/src/Landing/redux/actions/latestArticlesAction.js": {"path":"/Users/jennyzalwango/Desktop/forever_realers/ah-frontend-realers/src/Landing/redux/actions/latestArticlesAction.js","statementMap":{"0":{"start":{"line":5,"column":37},"end":{"line":7,"column":2}},"1":{"start":{"line":5,"column":44},"end":{"line":7,"column":1}},"2":{"start":{"line":9,"column":36},"end":{"line":16,"column":2}},"3":{"start":{"line":9,"column":46},"end":{"line":16,"column":1}},"4":{"start":{"line":18,"column":28},"end":{"line":29,"column":1}},"5":{"start":{"line":18,"column":34},"end":{"line":29,"column":1}},"6":{"start":{"line":19,"column":2},"end":{"line":19,"column":36}},"7":{"start":{"line":21,"column":2},"end":{"line":28,"column":7}},"8":{"start":{"line":22,"column":17},"end":{"line":25,"column":6}},"9":{"start":{"line":27,"column":6},"end":{"line":27,"column":44}}},"fnMap":{"0":{"name":"(anonymous_0)","decl":{"start":{"line":5,"column":37},"end":{"line":5,"column":38}},"loc":{"start":{"line":5,"column":44},"end":{"line":7,"column":1}},"line":5},"1":{"name":"(anonymous_1)","decl":{"start":{"line":9,"column":36},"end":{"line":9,"column":37}},"loc":{"start":{"line":9,"column":46},"end":{"line":16,"column":1}},"line":9},"2":{"name":"(anonymous_2)","decl":{"start":{"line":18,"column":28},"end":{"line":18,"column":29}},"loc":{"start":{"line":18,"column":34},"end":{"line":29,"column":1}},"line":18},"3":{"name":"(anonymous_3)","decl":{"start":{"line":18,"column":34},"end":{"line":18,"column":35}},"loc":{"start":{"line":18,"column":48},"end":{"line":29,"column":1}},"line":18},"4":{"name":"(anonymous_4)","decl":{"start":{"line":22,"column":10},"end":{"line":22,"column":11}},"loc":{"start":{"line":22,"column":17},"end":{"line":25,"column":6}},"line":22},"5":{"name":"(anonymous_5)","decl":{"start":{"line":26,"column":11},"end":{"line":26,"column":12}},"loc":{"start":{"line":26,"column":22},"end":{"line":28,"column":5}},"line":26}},"branchMap":{},"s":{"0":3,"1":2,"2":3,"3":1,"4":3,"5":2,"6":2,"7":2,"8":1,"9":1},"f":{"0":2,"1":1,"2":2,"3":2,"4":1,"5":1},"b":{},"_coverageSchema":"43e27e138ebf9cfc5966b082cf9a028302ed4184","hash":"8b8eff19d3eb9af5b54785baa93543b9c67516ff"}
,"/Users/jennyzalwango/Desktop/forever_realers/ah-frontend-realers/src/Landing/redux/reducers/latestArticlesReducer.jsx": {"path":"/Users/jennyzalwango/Desktop/forever_realers/ah-frontend-realers/src/Landing/redux/reducers/latestArticlesReducer.jsx","statementMap":{"0":{"start":{"line":3,"column":21},"end":{"line":9,"column":1}},"1":{"start":{"line":11,"column":29},"end":{"line":36,"column":1}},"2":{"start":{"line":12,"column":2},"end":{"line":35,"column":3}},"3":{"start":{"line":14,"column":6},"end":{"line":20,"column":8}},"4":{"start":{"line":22,"column":6},"end":{"line":25,"column":8}},"5":{"start":{"line":27,"column":6},"end":{"line":32,"column":8}},"6":{"start":{"line":34,"column":6},"end":{"line":34,"column":19}}},"fnMap":{"0":{"name":"(anonymous_0)","decl":{"start":{"line":11,"column":29},"end":{"line":11,"column":30}},"loc":{"start":{"line":11,"column":63},"end":{"line":36,"column":1}},"line":11}},"branchMap":{"0":{"loc":{"start":{"line":11,"column":30},"end":{"line":11,"column":50}},"type":"default-arg","locations":[{"start":{"line":11,"column":38},"end":{"line":11,"column":50}}],"line":11},"1":{"loc":{"start":{"line":12,"column":2},"end":{"line":35,"column":3}},"type":"switch","locations":[{"start":{"line":13,"column":4},"end":{"line":20,"column":8}},{"start":{"line":21,"column":4},"end":{"line":25,"column":8}},{"start":{"line":26,"column":4},"end":{"line":32,"column":8}},{"start":{"line":33,"column":4},"end":{"line":34,"column":19}}],"line":12}},"s":{"0":2,"1":2,"2":7,"3":1,"4":1,"5":1,"6":4},"f":{"0":7},"b":{"0":[4],"1":[1,1,1,4]},"_coverageSchema":"43e27e138ebf9cfc5966b082cf9a028302ed4184","hash":"98aa613b8cb10052c630c1d557b0bec8ea6a8f49"}
,"/Users/jennyzalwango/Desktop/forever_realers/ah-frontend-realers/src/Mainstore/Store.js": {"path":"/Users/jennyzalwango/Desktop/forever_realers/ah-frontend-realers/src/Mainstore/Store.js","statementMap":{"0":{"start":{"line":12,"column":17},"end":{"line":18,"column":2}},"1":{"start":{"line":20,"column":18},"end":{"line":23,"column":1}},"2":{"start":{"line":22,"column":63},"end":{"line":22,"column":64}},"3":{"start":{"line":24,"column":14},"end":{"line":26,"column":1}}},"fnMap":{"0":{"name":"(anonymous_0)","decl":{"start":{"line":22,"column":58},"end":{"line":22,"column":59}},"loc":{"start":{"line":22,"column":63},"end":{"line":22,"column":64}},"line":22}},"branchMap":{"0":{"loc":{"start":{"line":22,"column":2},"end":{"line":22,"column":64}},"type":"cond-expr","locations":[{"start":{"line":22,"column":29},"end":{"line":22,"column":55}},{"start":{"line":22,"column":58},"end":{"line":22,"column":64}}],"line":22}},"s":{"0":1,"1":1,"2":1,"3":1},"f":{"0":1},"b":{"0":[0,1]},"_coverageSchema":"43e27e138ebf9cfc5966b082cf9a028302ed4184","hash":"0551dc83cdda53411d52caa3c5850c8e50b080e2"}
,"/Users/jennyzalwango/Desktop/forever_realers/ah-frontend-realers/src/ViewArticle/components/VeiwArticleComponent.jsx": {"path":"/Users/jennyzalwango/Desktop/forever_realers/ah-frontend-realers/src/ViewArticle/components/VeiwArticleComponent.jsx","statementMap":{"0":{"start":{"line":8,"column":29},"end":{"line":57,"column":1}},"1":{"start":{"line":9,"column":2},"end":{"line":55,"column":8}},"2":{"start":{"line":59,"column":0},"end":{"line":61,"column":2}},"3":{"start":{"line":63,"column":0},"end":{"line":65,"column":2}}},"fnMap":{"0":{"name":"(anonymous_0)","decl":{"start":{"line":8,"column":29},"end":{"line":8,"column":30}},"loc":{"start":{"line":9,"column":2},"end":{"line":55,"column":8}},"line":9}},"branchMap":{"0":{"loc":{"start":{"line":19,"column":11},"end":{"line":23,"column":11}},"type":"binary-expr","locations":[{"start":{"line":19,"column":11},"end":{"line":19,"column":31}},{"start":{"line":20,"column":12},"end":{"line":22,"column":16}}],"line":19},"1":{"loc":{"start":{"line":28,"column":11},"end":{"line":34,"column":11}},"type":"binary-expr","locations":[{"start":{"line":28,"column":11},"end":{"line":28,"column":34}},{"start":{"line":29,"column":10},"end":{"line":33,"column":14}}],"line":28},"2":{"loc":{"start":{"line":49,"column":7},"end":{"line":53,"column":7}},"type":"binary-expr","locations":[{"start":{"line":49,"column":7},"end":{"line":49,"column":27}},{"start":{"line":50,"column":8},"end":{"line":52,"column":12}}],"line":49}},"s":{"0":3,"1":1,"2":3,"3":3},"f":{"0":1},"b":{"0":[1,1],"1":[1,1],"2":[1,1]},"_coverageSchema":"43e27e138ebf9cfc5966b082cf9a028302ed4184","hash":"e47e45a7f13233b4a3ff1981e678342aaa8bf9f4"}
,"/Users/jennyzalwango/Desktop/forever_realers/ah-frontend-realers/src/ViewArticle/container/ViewArticleContainer.jsx": {"path":"/Users/jennyzalwango/Desktop/forever_realers/ah-frontend-realers/src/ViewArticle/container/ViewArticleContainer.jsx","statementMap":{"0":{"start":{"line":12,"column":8},"end":{"line":12,"column":18}},"1":{"start":{"line":13,"column":21},"end":{"line":13,"column":33}},"2":{"start":{"line":14,"column":4},"end":{"line":14,"column":27}},"3":{"start":{"line":18,"column":24},"end":{"line":18,"column":34}},"4":{"start":{"line":19,"column":4},"end":{"line":21,"column":6}},"5":{"start":{"line":25,"column":0},"end":{"line":29,"column":2}},"6":{"start":{"line":31,"column":0},"end":{"line":36,"column":2}},"7":{"start":{"line":38,"column":24},"end":{"line":40,"column":2}},"8":{"start":{"line":38,"column":34},"end":{"line":40,"column":1}}},"fnMap":{"0":{"name":"(anonymous_0)","decl":{"start":{"line":8,"column":2},"end":{"line":8,"column":3}},"loc":{"start":{"line":8,"column":22},"end":{"line":15,"column":3}},"line":8},"1":{"name":"(anonymous_1)","decl":{"start":{"line":17,"column":2},"end":{"line":17,"column":3}},"loc":{"start":{"line":17,"column":11},"end":{"line":22,"column":3}},"line":17},"2":{"name":"(anonymous_2)","decl":{"start":{"line":38,"column":24},"end":{"line":38,"column":25}},"loc":{"start":{"line":38,"column":34},"end":{"line":40,"column":1}},"line":38}},"branchMap":{},"s":{"0":1,"1":1,"2":1,"3":1,"4":1,"5":2,"6":2,"7":2,"8":0},"f":{"0":1,"1":1,"2":0},"b":{},"_coverageSchema":"43e27e138ebf9cfc5966b082cf9a028302ed4184","hash":"68a4d4fade472698ff36211fc367ed37393cc7e9"}
,"/Users/jennyzalwango/Desktop/forever_realers/ah-frontend-realers/src/ViewArticle/redux/ArticleUrl.js": {"path":"/Users/jennyzalwango/Desktop/forever_realers/ah-frontend-realers/src/ViewArticle/redux/ArticleUrl.js","statementMap":{"0":{"start":{"line":1,"column":19},"end":{"line":3,"column":1}}},"fnMap":{},"branchMap":{},"s":{"0":3},"f":{},"b":{},"_coverageSchema":"43e27e138ebf9cfc5966b082cf9a028302ed4184","hash":"93726b66e05d8a9ce671c79698046575b2e1b515"}
,"/Users/jennyzalwango/Desktop/forever_realers/ah-frontend-realers/src/ViewArticle/redux/types.js": {"path":"/Users/jennyzalwango/Desktop/forever_realers/ah-frontend-realers/src/ViewArticle/redux/types.js","statementMap":{"0":{"start":{"line":1,"column":21},"end":{"line":5,"column":1}}},"fnMap":{},"branchMap":{},"s":{"0":4},"f":{},"b":{},"_coverageSchema":"43e27e138ebf9cfc5966b082cf9a028302ed4184","hash":"628f8bbe56c5d37e6ad228f9e01b1983d10d98f2"}
,"/Users/jennyzalwango/Desktop/forever_realers/ah-frontend-realers/src/ViewArticle/redux/Actions/ViewArticleAction.jsx": {"path":"/Users/jennyzalwango/Desktop/forever_realers/ah-frontend-realers/src/ViewArticle/redux/Actions/ViewArticleAction.jsx","statementMap":{"0":{"start":{"line":5,"column":22},"end":{"line":21,"column":1}},"1":{"start":{"line":5,"column":37},"end":{"line":21,"column":1}},"2":{"start":{"line":6,"column":2},"end":{"line":8,"column":5}},"3":{"start":{"line":9,"column":2},"end":{"line":20,"column":7}},"4":{"start":{"line":11,"column":6},"end":{"line":14,"column":9}},"5":{"start":{"line":16,"column":6},"end":{"line":19,"column":9}}},"fnMap":{"0":{"name":"(anonymous_0)","decl":{"start":{"line":5,"column":22},"end":{"line":5,"column":23}},"loc":{"start":{"line":5,"column":37},"end":{"line":21,"column":1}},"line":5},"1":{"name":"(anonymous_1)","decl":{"start":{"line":5,"column":37},"end":{"line":5,"column":38}},"loc":{"start":{"line":5,"column":51},"end":{"line":21,"column":1}},"line":5},"2":{"name":"(anonymous_2)","decl":{"start":{"line":10,"column":10},"end":{"line":10,"column":11}},"loc":{"start":{"line":10,"column":19},"end":{"line":15,"column":5}},"line":10},"3":{"name":"(anonymous_3)","decl":{"start":{"line":15,"column":13},"end":{"line":15,"column":14}},"loc":{"start":{"line":15,"column":19},"end":{"line":20,"column":5}},"line":15}},"branchMap":{},"s":{"0":3,"1":2,"2":2,"3":2,"4":1,"5":1},"f":{"0":2,"1":2,"2":1,"3":1},"b":{},"_coverageSchema":"43e27e138ebf9cfc5966b082cf9a028302ed4184","hash":"c1019f0bef474e0fda0214d7ee59fff7ffb45f20"}
,"/Users/jennyzalwango/Desktop/forever_realers/ah-frontend-realers/src/ViewArticle/redux/reducers/ViewArticlereducer.jsx": {"path":"/Users/jennyzalwango/Desktop/forever_realers/ah-frontend-realers/src/ViewArticle/redux/reducers/ViewArticlereducer.jsx","statementMap":{"0":{"start":{"line":3,"column":21},"end":{"line":6,"column":1}},"1":{"start":{"line":8,"column":2},"end":{"line":28,"column":3}},"2":{"start":{"line":10,"column":6},"end":{"line":14,"column":8}},"3":{"start":{"line":16,"column":6},"end":{"line":20,"column":8}},"4":{"start":{"line":22,"column":6},"end":{"line":25,"column":8}},"5":{"start":{"line":27,"column":6},"end":{"line":27,"column":19}}},"fnMap":{"0":{"name":"(anonymous_0)","decl":{"start":{"line":7,"column":15},"end":{"line":7,"column":16}},"loc":{"start":{"line":7,"column":66},"end":{"line":29,"column":1}},"line":7}},"branchMap":{"0":{"loc":{"start":{"line":7,"column":25},"end":{"line":7,"column":45}},"type":"default-arg","locations":[{"start":{"line":7,"column":33},"end":{"line":7,"column":45}}],"line":7},"1":{"loc":{"start":{"line":8,"column":2},"end":{"line":28,"column":3}},"type":"switch","locations":[{"start":{"line":9,"column":4},"end":{"line":14,"column":8}},{"start":{"line":15,"column":4},"end":{"line":20,"column":8}},{"start":{"line":21,"column":4},"end":{"line":25,"column":8}},{"start":{"line":26,"column":4},"end":{"line":27,"column":19}}],"line":8}},"s":{"0":2,"1":6,"2":1,"3":1,"4":1,"5":3},"f":{"0":6},"b":{"0":[3],"1":[1,1,1,3]},"_coverageSchema":"43e27e138ebf9cfc5966b082cf9a028302ed4184","hash":"1e66c929ed91929e41713108e8208edbd79423e6"}
,"/Users/jennyzalwango/Desktop/forever_realers/ah-frontend-realers/src/__mock__/articleData.js": {"path":"/Users/jennyzalwango/Desktop/forever_realers/ah-frontend-realers/src/__mock__/articleData.js","statementMap":{"0":{"start":{"line":2,"column":28},"end":{"line":46,"column":4}}},"fnMap":{},"branchMap":{},"s":{"0":5},"f":{},"b":{},"_coverageSchema":"43e27e138ebf9cfc5966b082cf9a028302ed4184","hash":"5da3bed596287fdb195ea911e6d6b2b00c2831fd"}
,"/Users/jennyzalwango/Desktop/forever_realers/ah-frontend-realers/src/auth/Login/components/LoginComponent.jsx": {"path":"/Users/jennyzalwango/Desktop/forever_realers/ah-frontend-realers/src/auth/Login/components/LoginComponent.jsx","statementMap":{"0":{"start":{"line":9,"column":15},"end":{"line":9,"column":38}},"1":{"start":{"line":11,"column":14},"end":{"line":82,"column":1}},"2":{"start":{"line":24,"column":2},"end":{"line":81,"column":8}},"3":{"start":{"line":84,"column":0},"end":{"line":93,"column":2}},"4":{"start":{"line":94,"column":0},"end":{"line":97,"column":2}}},"fnMap":{"0":{"name":"(anonymous_0)","decl":{"start":{"line":11,"column":14},"end":{"line":11,"column":15}},"loc":{"start":{"line":24,"column":2},"end":{"line":81,"column":8}},"line":24}},"branchMap":{"0":{"loc":{"start":{"line":31,"column":10},"end":{"line":38,"column":24}},"type":"cond-expr","locations":[{"start":{"line":33,"column":14},"end":{"line":36,"column":20}},{"start":{"line":38,"column":15},"end":{"line":38,"column":23}}],"line":31},"1":{"loc":{"start":{"line":43,"column":11},"end":{"line":50,"column":25}},"type":"cond-expr","locations":[{"start":{"line":45,"column":15},"end":{"line":48,"column":21}},{"start":{"line":50,"column":16},"end":{"line":50,"column":24}}],"line":43},"2":{"loc":{"start":{"line":53,"column":14},"end":{"line":53,"column":84}},"type":"binary-expr","locations":[{"start":{"line":53,"column":14},"end":{"line":53,"column":30}},{"start":{"line":53,"column":35},"end":{"line":53,"column":83}}],"line":53},"3":{"loc":{"start":{"line":60,"column":14},"end":{"line":60,"column":90}},"type":"binary-expr","locations":[{"start":{"line":60,"column":14},"end":{"line":60,"column":33}},{"start":{"line":60,"column":38},"end":{"line":60,"column":89}}],"line":60},"4":{"loc":{"start":{"line":68,"column":16},"end":{"line":68,"column":78}},"type":"cond-expr","locations":[{"start":{"line":68,"column":31},"end":{"line":68,"column":54}},{"start":{"line":68,"column":59},"end":{"line":68,"column":77}}],"line":68}},"s":{"0":3,"1":3,"2":1,"3":3,"4":3},"f":{"0":1},"b":{"0":[0,1],"1":[0,1],"2":[1,0],"3":[1,0],"4":[0,1]},"_coverageSchema":"43e27e138ebf9cfc5966b082cf9a028302ed4184","hash":"c3333c1153d774191d1ee5df0a7e08775e4adf38"}
,"/Users/jennyzalwango/Desktop/forever_realers/ah-frontend-realers/src/auth/Login/containers/LoginContainer.jsx": {"path":"/Users/jennyzalwango/Desktop/forever_realers/ah-frontend-realers/src/auth/Login/containers/LoginContainer.jsx","statementMap":{"0":{"start":{"line":10,"column":4},"end":{"line":10,"column":17}},"1":{"start":{"line":11,"column":4},"end":{"line":17,"column":6}},"2":{"start":{"line":20,"column":13},"end":{"line":41,"column":3}},"3":{"start":{"line":21,"column":4},"end":{"line":21,"column":63}},"4":{"start":{"line":23,"column":23},"end":{"line":23,"column":28}},"5":{"start":{"line":24,"column":28},"end":{"line":24,"column":34}},"6":{"start":{"line":25,"column":23},"end":{"line":25,"column":33}},"7":{"start":{"line":26,"column":4},"end":{"line":38,"column":5}},"8":{"start":{"line":28,"column":8},"end":{"line":34,"column":9}},"9":{"start":{"line":29,"column":10},"end":{"line":29,"column":91}},"10":{"start":{"line":30,"column":10},"end":{"line":30,"column":38}},"11":{"start":{"line":32,"column":10},"end":{"line":32,"column":55}},"12":{"start":{"line":33,"column":10},"end":{"line":33,"column":39}},"13":{"start":{"line":35,"column":8},"end":{"line":35,"column":14}},"14":{"start":{"line":37,"column":8},"end":{"line":37,"column":14}},"15":{"start":{"line":40,"column":4},"end":{"line":40,"column":63}},"16":{"start":{"line":43,"column":20},"end":{"line":49,"column":3}},"17":{"start":{"line":44,"column":23},"end":{"line":44,"column":44}},"18":{"start":{"line":45,"column":4},"end":{"line":47,"column":5}},"19":{"start":{"line":46,"column":6},"end":{"line":46,"column":18}},"20":{"start":{"line":48,"column":4},"end":{"line":48,"column":17}},"21":{"start":{"line":51,"column":17},"end":{"line":73,"column":3}},"22":{"start":{"line":52,"column":4},"end":{"line":52,"column":27}},"23":{"start":{"line":53,"column":32},"end":{"line":53,"column":42}},"24":{"start":{"line":54,"column":21},"end":{"line":59,"column":5}},"25":{"start":{"line":61,"column":4},"end":{"line":63,"column":5}},"26":{"start":{"line":62,"column":6},"end":{"line":62,"column":71}},"27":{"start":{"line":64,"column":4},"end":{"line":66,"column":5}},"28":{"start":{"line":65,"column":6},"end":{"line":65,"column":80}},"29":{"start":{"line":67,"column":33},"end":{"line":67,"column":43}},"30":{"start":{"line":69,"column":23},"end":{"line":69,"column":33}},"31":{"start":{"line":70,"column":4},"end":{"line":72,"column":5}},"32":{"start":{"line":71,"column":6},"end":{"line":71,"column":45}},"33":{"start":{"line":76,"column":40},"end":{"line":76,"column":50}},"34":{"start":{"line":81,"column":8},"end":{"line":81,"column":18}},"35":{"start":{"line":82,"column":4},"end":{"line":93,"column":6}},"36":{"start":{"line":97,"column":0},"end":{"line":102,"column":2}},"37":{"start":{"line":104,"column":24},"end":{"line":109,"column":2}},"38":{"start":{"line":104,"column":34},"end":{"line":109,"column":1}}},"fnMap":{"0":{"name":"(anonymous_0)","decl":{"start":{"line":9,"column":2},"end":{"line":9,"column":3}},"loc":{"start":{"line":9,"column":21},"end":{"line":18,"column":3}},"line":9},"1":{"name":"(anonymous_1)","decl":{"start":{"line":20,"column":13},"end":{"line":20,"column":14}},"loc":{"start":{"line":20,"column":24},"end":{"line":41,"column":3}},"line":20},"2":{"name":"(anonymous_2)","decl":{"start":{"line":43,"column":20},"end":{"line":43,"column":21}},"loc":{"start":{"line":43,"column":35},"end":{"line":49,"column":3}},"line":43},"3":{"name":"(anonymous_3)","decl":{"start":{"line":51,"column":17},"end":{"line":51,"column":18}},"loc":{"start":{"line":51,"column":28},"end":{"line":73,"column":3}},"line":51},"4":{"name":"(anonymous_4)","decl":{"start":{"line":75,"column":2},"end":{"line":75,"column":3}},"loc":{"start":{"line":75,"column":11},"end":{"line":94,"column":3}},"line":75},"5":{"name":"(anonymous_5)","decl":{"start":{"line":104,"column":24},"end":{"line":104,"column":25}},"loc":{"start":{"line":104,"column":34},"end":{"line":109,"column":1}},"line":104}},"branchMap":{"0":{"loc":{"start":{"line":26,"column":4},"end":{"line":38,"column":5}},"type":"switch","locations":[{"start":{"line":27,"column":6},"end":{"line":35,"column":14}},{"start":{"line":36,"column":6},"end":{"line":37,"column":14}}],"line":26},"1":{"loc":{"start":{"line":28,"column":8},"end":{"line":34,"column":9}},"type":"if","locations":[{"start":{"line":28,"column":8},"end":{"line":34,"column":9}},{"start":{"line":28,"column":8},"end":{"line":34,"column":9}}],"line":28},"2":{"loc":{"start":{"line":45,"column":4},"end":{"line":47,"column":5}},"type":"if","locations":[{"start":{"line":45,"column":4},"end":{"line":47,"column":5}},{"start":{"line":45,"column":4},"end":{"line":47,"column":5}}],"line":45},"3":{"loc":{"start":{"line":61,"column":4},"end":{"line":63,"column":5}},"type":"if","locations":[{"start":{"line":61,"column":4},"end":{"line":63,"column":5}},{"start":{"line":61,"column":4},"end":{"line":63,"column":5}}],"line":61},"4":{"loc":{"start":{"line":64,"column":4},"end":{"line":66,"column":5}},"type":"if","locations":[{"start":{"line":64,"column":4},"end":{"line":66,"column":5}},{"start":{"line":64,"column":4},"end":{"line":66,"column":5}}],"line":64},"5":{"loc":{"start":{"line":70,"column":4},"end":{"line":72,"column":5}},"type":"if","locations":[{"start":{"line":70,"column":4},"end":{"line":72,"column":5}},{"start":{"line":70,"column":4},"end":{"line":72,"column":5}}],"line":70},"6":{"loc":{"start":{"line":70,"column":8},"end":{"line":70,"column":56}},"type":"binary-expr","locations":[{"start":{"line":70,"column":8},"end":{"line":70,"column":29}},{"start":{"line":70,"column":33},"end":{"line":70,"column":56}}],"line":70}},"s":{"0":3,"1":3,"2":3,"3":1,"4":1,"5":1,"6":1,"7":1,"8":1,"9":1,"10":1,"11":0,"12":0,"13":1,"14":0,"15":1,"16":3,"17":4,"18":4,"19":0,"20":4,"21":3,"22":6,"23":6,"24":6,"25":6,"26":0,"27":6,"28":5,"29":6,"30":6,"31":6,"32":0,"33":17,"34":17,"35":17,"36":2,"37":2,"38":0},"f":{"0":3,"1":1,"2":4,"3":6,"4":17,"5":0},"b":{"0":[1,0],"1":[1,0],"2":[0,4],"3":[0,6],"4":[5,1],"5":[0,6],"6":[6,6]},"_coverageSchema":"43e27e138ebf9cfc5966b082cf9a028302ed4184","hash":"0f32cdd6d2fefaf7b18f5e35819a5a1eb02308df"}
,"/Users/jennyzalwango/Desktop/forever_realers/ah-frontend-realers/src/auth/Login/redux/loginUrls.js": {"path":"/Users/jennyzalwango/Desktop/forever_realers/ah-frontend-realers/src/auth/Login/redux/loginUrls.js","statementMap":{"0":{"start":{"line":1,"column":17},"end":{"line":3,"column":1}}},"fnMap":{},"branchMap":{},"s":{"0":3},"f":{},"b":{},"_coverageSchema":"43e27e138ebf9cfc5966b082cf9a028302ed4184","hash":"e5d547c4930c245e9ab7980a9d05bd7caaf20092"}
,"/Users/jennyzalwango/Desktop/forever_realers/ah-frontend-realers/src/auth/Login/redux/types.js": {"path":"/Users/jennyzalwango/Desktop/forever_realers/ah-frontend-realers/src/auth/Login/redux/types.js","statementMap":{"0":{"start":{"line":1,"column":19},"end":{"line":5,"column":1}}},"fnMap":{},"branchMap":{},"s":{"0":4},"f":{},"b":{},"_coverageSchema":"43e27e138ebf9cfc5966b082cf9a028302ed4184","hash":"95ecfa4961c519cf32d1c114bfc403ae4c0fe836"}
,"/Users/jennyzalwango/Desktop/forever_realers/ah-frontend-realers/src/auth/Login/redux/validations.js": {"path":"/Users/jennyzalwango/Desktop/forever_realers/ah-frontend-realers/src/auth/Login/redux/validations.js","statementMap":{"0":{"start":{"line":1,"column":18},"end":{"line":3,"column":1}}},"fnMap":{},"branchMap":{},"s":{"0":2},"f":{},"b":{},"_coverageSchema":"43e27e138ebf9cfc5966b082cf9a028302ed4184","hash":"684623227493b00ca9e4cc9c147f899129975cf7"}
,"/Users/jennyzalwango/Desktop/forever_realers/ah-frontend-realers/src/auth/Login/redux/actions/LoginAction.js": {"path":"/Users/jennyzalwango/Desktop/forever_realers/ah-frontend-realers/src/auth/Login/redux/actions/LoginAction.js","statementMap":{"0":{"start":{"line":6,"column":20},"end":{"line":27,"column":1}},"1":{"start":{"line":6,"column":41},"end":{"line":27,"column":1}},"2":{"start":{"line":7,"column":2},"end":{"line":9,"column":5}},"3":{"start":{"line":10,"column":2},"end":{"line":26,"column":7}},"4":{"start":{"line":12,"column":6},"end":{"line":12,"column":50}},"5":{"start":{"line":13,"column":6},"end":{"line":13,"column":62}},"6":{"start":{"line":14,"column":6},"end":{"line":14,"column":63}},"7":{"start":{"line":15,"column":6},"end":{"line":18,"column":9}},"8":{"start":{"line":19,"column":6},"end":{"line":19,"column":30}},"9":{"start":{"line":22,"column":6},"end":{"line":25,"column":9}}},"fnMap":{"0":{"name":"(anonymous_0)","decl":{"start":{"line":6,"column":20},"end":{"line":6,"column":21}},"loc":{"start":{"line":6,"column":41},"end":{"line":27,"column":1}},"line":6},"1":{"name":"(anonymous_1)","decl":{"start":{"line":6,"column":41},"end":{"line":6,"column":42}},"loc":{"start":{"line":6,"column":55},"end":{"line":27,"column":1}},"line":6},"2":{"name":"(anonymous_2)","decl":{"start":{"line":11,"column":10},"end":{"line":11,"column":11}},"loc":{"start":{"line":11,"column":19},"end":{"line":20,"column":5}},"line":11},"3":{"name":"(anonymous_3)","decl":{"start":{"line":21,"column":11},"end":{"line":21,"column":12}},"loc":{"start":{"line":21,"column":22},"end":{"line":26,"column":5}},"line":21}},"branchMap":{},"s":{"0":3,"1":2,"2":2,"3":2,"4":1,"5":1,"6":1,"7":1,"8":1,"9":1},"f":{"0":2,"1":2,"2":1,"3":1},"b":{},"_coverageSchema":"43e27e138ebf9cfc5966b082cf9a028302ed4184","hash":"a7b286f5dd5d3282a1bd63f99d1c0d904e55d552"}
,"/Users/jennyzalwango/Desktop/forever_realers/ah-frontend-realers/src/auth/Login/redux/reducers/loginReducer.js": {"path":"/Users/jennyzalwango/Desktop/forever_realers/ah-frontend-realers/src/auth/Login/redux/reducers/loginReducer.js","statementMap":{"0":{"start":{"line":3,"column":21},"end":{"line":12,"column":1}},"1":{"start":{"line":15,"column":2},"end":{"line":40,"column":3}},"2":{"start":{"line":17,"column":6},"end":{"line":22,"column":8}},"3":{"start":{"line":24,"column":6},"end":{"line":30,"column":8}},"4":{"start":{"line":32,"column":6},"end":{"line":37,"column":8}},"5":{"start":{"line":39,"column":6},"end":{"line":39,"column":19}}},"fnMap":{"0":{"name":"(anonymous_0)","decl":{"start":{"line":14,"column":15},"end":{"line":14,"column":16}},"loc":{"start":{"line":14,"column":66},"end":{"line":41,"column":1}},"line":14}},"branchMap":{"0":{"loc":{"start":{"line":14,"column":25},"end":{"line":14,"column":45}},"type":"default-arg","locations":[{"start":{"line":14,"column":33},"end":{"line":14,"column":45}}],"line":14},"1":{"loc":{"start":{"line":15,"column":2},"end":{"line":40,"column":3}},"type":"switch","locations":[{"start":{"line":16,"column":4},"end":{"line":22,"column":8}},{"start":{"line":23,"column":4},"end":{"line":30,"column":8}},{"start":{"line":31,"column":4},"end":{"line":37,"column":8}},{"start":{"line":38,"column":4},"end":{"line":39,"column":19}}],"line":15}},"s":{"0":2,"1":6,"2":1,"3":1,"4":1,"5":3},"f":{"0":6},"b":{"0":[3],"1":[1,1,1,3]},"_coverageSchema":"43e27e138ebf9cfc5966b082cf9a028302ed4184","hash":"b06a555471758448860789d74b0b3df411701b08"}
,"/Users/jennyzalwango/Desktop/forever_realers/ah-frontend-realers/src/auth/signup/Validation.js": {"path":"/Users/jennyzalwango/Desktop/forever_realers/ah-frontend-realers/src/auth/signup/Validation.js","statementMap":{"0":{"start":{"line":1,"column":30},"end":{"line":5,"column":1}},"1":{"start":{"line":7,"column":22},"end":{"line":9,"column":1}},"2":{"start":{"line":11,"column":25},"end":{"line":13,"column":1}},"3":{"start":{"line":15,"column":19},"end":{"line":34,"column":1}},"4":{"start":{"line":16,"column":15},"end":{"line":16,"column":17}},"5":{"start":{"line":17,"column":2},"end":{"line":32,"column":3}},"6":{"start":{"line":19,"column":6},"end":{"line":21,"column":7}},"7":{"start":{"line":20,"column":8},"end":{"line":20,"column":46}},"8":{"start":{"line":22,"column":6},"end":{"line":22,"column":12}},"9":{"start":{"line":24,"column":6},"end":{"line":26,"column":7}},"10":{"start":{"line":25,"column":8},"end":{"line":25,"column":56}},"11":{"start":{"line":26,"column":8},"end":{"line":28,"column":7}},"12":{"start":{"line":27,"column":8},"end":{"line":27,"column":59}},"13":{"start":{"line":29,"column":6},"end":{"line":29,"column":12}},"14":{"start":{"line":31,"column":6},"end":{"line":31,"column":18}},"15":{"start":{"line":33,"column":2},"end":{"line":33,"column":16}}},"fnMap":{"0":{"name":"(anonymous_0)","decl":{"start":{"line":15,"column":19},"end":{"line":15,"column":20}},"loc":{"start":{"line":15,"column":37},"end":{"line":34,"column":1}},"line":15}},"branchMap":{"0":{"loc":{"start":{"line":17,"column":2},"end":{"line":32,"column":3}},"type":"switch","locations":[{"start":{"line":18,"column":4},"end":{"line":22,"column":12}},{"start":{"line":23,"column":4},"end":{"line":29,"column":12}},{"start":{"line":30,"column":4},"end":{"line":31,"column":18}}],"line":17},"1":{"loc":{"start":{"line":19,"column":6},"end":{"line":21,"column":7}},"type":"if","locations":[{"start":{"line":19,"column":6},"end":{"line":21,"column":7}},{"start":{"line":19,"column":6},"end":{"line":21,"column":7}}],"line":19},"2":{"loc":{"start":{"line":24,"column":6},"end":{"line":26,"column":7}},"type":"if","locations":[{"start":{"line":24,"column":6},"end":{"line":26,"column":7}},{"start":{"line":24,"column":6},"end":{"line":26,"column":7}}],"line":24},"3":{"loc":{"start":{"line":26,"column":8},"end":{"line":28,"column":7}},"type":"if","locations":[{"start":{"line":26,"column":8},"end":{"line":28,"column":7}},{"start":{"line":26,"column":8},"end":{"line":28,"column":7}}],"line":26}},"s":{"0":3,"1":3,"2":3,"3":3,"4":5,"5":5,"6":2,"7":1,"8":2,"9":2,"10":1,"11":2,"12":1,"13":2,"14":1,"15":5},"f":{"0":5},"b":{"0":[2,2,1],"1":[1,1],"2":[1,1],"3":[1,1]},"_coverageSchema":"43e27e138ebf9cfc5966b082cf9a028302ed4184","hash":"51369f007df1000b1915944296742675e266bd02"}
,"/Users/jennyzalwango/Desktop/forever_realers/ah-frontend-realers/src/auth/signup/helper.js": {"path":"/Users/jennyzalwango/Desktop/forever_realers/ah-frontend-realers/src/auth/signup/helper.js","statementMap":{"0":{"start":{"line":2,"column":15},"end":{"line":18,"column":1}},"1":{"start":{"line":3,"column":2},"end":{"line":17,"column":3}},"2":{"start":{"line":4,"column":15},"end":{"line":4,"column":57}},"3":{"start":{"line":5,"column":4},"end":{"line":5,"column":30}},"4":{"start":{"line":6,"column":4},"end":{"line":8,"column":5}},"5":{"start":{"line":7,"column":6},"end":{"line":7,"column":50}},"6":{"start":{"line":9,"column":4},"end":{"line":12,"column":5}},"7":{"start":{"line":10,"column":6},"end":{"line":10,"column":47}},"8":{"start":{"line":11,"column":6},"end":{"line":11,"column":62}},"9":{"start":{"line":14,"column":17},"end":{"line":14,"column":51}},"10":{"start":{"line":15,"column":4},"end":{"line":15,"column":31}},"11":{"start":{"line":16,"column":4},"end":{"line":16,"column":94}}},"fnMap":{"0":{"name":"(anonymous_0)","decl":{"start":{"line":2,"column":15},"end":{"line":2,"column":16}},"loc":{"start":{"line":2,"column":25},"end":{"line":18,"column":1}},"line":2}},"branchMap":{"0":{"loc":{"start":{"line":3,"column":2},"end":{"line":17,"column":3}},"type":"if","locations":[{"start":{"line":3,"column":2},"end":{"line":17,"column":3}},{"start":{"line":3,"column":2},"end":{"line":17,"column":3}}],"line":3},"1":{"loc":{"start":{"line":6,"column":4},"end":{"line":8,"column":5}},"type":"if","locations":[{"start":{"line":6,"column":4},"end":{"line":8,"column":5}},{"start":{"line":6,"column":4},"end":{"line":8,"column":5}}],"line":6},"2":{"loc":{"start":{"line":9,"column":4},"end":{"line":12,"column":5}},"type":"if","locations":[{"start":{"line":9,"column":4},"end":{"line":12,"column":5}},{"start":{"line":9,"column":4},"end":{"line":12,"column":5}}],"line":9}},"s":{"0":3,"1":0,"2":0,"3":0,"4":0,"5":0,"6":0,"7":0,"8":0,"9":0,"10":0,"11":0},"f":{"0":0},"b":{"0":[0,0],"1":[0,0],"2":[0,0]},"_coverageSchema":"43e27e138ebf9cfc5966b082cf9a028302ed4184","hash":"06188281868bf46173eeca26c86be95d51023216"}
,"/Users/jennyzalwango/Desktop/forever_realers/ah-frontend-realers/src/auth/signup/components/SignUp.jsx": {"path":"/Users/jennyzalwango/Desktop/forever_realers/ah-frontend-realers/src/auth/signup/components/SignUp.jsx","statementMap":{"0":{"start":{"line":8,"column":15},"end":{"line":8,"column":38}},"1":{"start":{"line":10,"column":30},"end":{"line":100,"column":1}},"2":{"start":{"line":11,"column":30},"end":{"line":11,"column":81}},"3":{"start":{"line":12,"column":32},"end":{"line":12,"column":92}},"4":{"start":{"line":14,"column":19},"end":{"line":24,"column":3}},"5":{"start":{"line":15,"column":21},"end":{"line":21,"column":5}},"6":{"start":{"line":22,"column":4},"end":{"line":22,"column":21}},"7":{"start":{"line":23,"column":4},"end":{"line":23,"column":23}},"8":{"start":{"line":26,"column":2},"end":{"line":99,"column":4}},"9":{"start":{"line":41,"column":16},"end":{"line":41,"column":64}},"10":{"start":{"line":60,"column":16},"end":{"line":60,"column":67}},"11":{"start":{"line":74,"column":16},"end":{"line":74,"column":67}},"12":{"start":{"line":102,"column":0},"end":{"line":105,"column":2}},"13":{"start":{"line":107,"column":24},"end":{"line":109,"column":2}},"14":{"start":{"line":107,"column":34},"end":{"line":109,"column":1}}},"fnMap":{"0":{"name":"(anonymous_0)","decl":{"start":{"line":10,"column":30},"end":{"line":10,"column":31}},"loc":{"start":{"line":10,"column":69},"end":{"line":100,"column":1}},"line":10},"1":{"name":"(anonymous_1)","decl":{"start":{"line":14,"column":19},"end":{"line":14,"column":20}},"loc":{"start":{"line":14,"column":26},"end":{"line":24,"column":3}},"line":14},"2":{"name":"(anonymous_2)","decl":{"start":{"line":40,"column":24},"end":{"line":40,"column":25}},"loc":{"start":{"line":40,"column":31},"end":{"line":42,"column":15}},"line":40},"3":{"name":"(anonymous_3)","decl":{"start":{"line":59,"column":24},"end":{"line":59,"column":25}},"loc":{"start":{"line":59,"column":31},"end":{"line":61,"column":15}},"line":59},"4":{"name":"(anonymous_4)","decl":{"start":{"line":73,"column":24},"end":{"line":73,"column":25}},"loc":{"start":{"line":73,"column":31},"end":{"line":75,"column":15}},"line":73},"5":{"name":"(anonymous_5)","decl":{"start":{"line":107,"column":24},"end":{"line":107,"column":25}},"loc":{"start":{"line":107,"column":34},"end":{"line":109,"column":1}},"line":107}},"branchMap":{"0":{"loc":{"start":{"line":48,"column":12},"end":{"line":49,"column":69}},"type":"binary-expr","locations":[{"start":{"line":48,"column":12},"end":{"line":48,"column":35}},{"start":{"line":48,"column":39},"end":{"line":48,"column":72}},{"start":{"line":49,"column":15},"end":{"line":49,"column":69}}],"line":48},"1":{"loc":{"start":{"line":52,"column":26},"end":{"line":52,"column":62}},"type":"binary-expr","locations":[{"start":{"line":52,"column":26},"end":{"line":52,"column":39}},{"start":{"line":52,"column":43},"end":{"line":52,"column":62}}],"line":52},"2":{"loc":{"start":{"line":81,"column":12},"end":{"line":82,"column":75}},"type":"binary-expr","locations":[{"start":{"line":81,"column":12},"end":{"line":81,"column":38}},{"start":{"line":81,"column":42},"end":{"line":81,"column":81}},{"start":{"line":82,"column":15},"end":{"line":82,"column":75}}],"line":81}},"s":{"0":2,"1":2,"2":16,"3":16,"4":16,"5":1,"6":1,"7":1,"8":16,"9":1,"10":1,"11":2,"12":2,"13":2,"14":0},"f":{"0":16,"1":1,"2":1,"3":1,"4":2,"5":0},"b":{"0":[16,1,1],"1":[16,0],"2":[16,2,2]},"_coverageSchema":"43e27e138ebf9cfc5966b082cf9a028302ed4184","hash":"cf3bd5def2f1cc91414f5cb44f2d1cf2fa50ee11"}
,"/Users/jennyzalwango/Desktop/forever_realers/ah-frontend-realers/src/auth/signup/redux/types.jsx": {"path":"/Users/jennyzalwango/Desktop/forever_realers/ah-frontend-realers/src/auth/signup/redux/types.jsx","statementMap":{"0":{"start":{"line":1,"column":34},"end":{"line":1,"column":55}},"1":{"start":{"line":2,"column":32},"end":{"line":2,"column":51}},"2":{"start":{"line":3,"column":34},"end":{"line":3,"column":55}}},"fnMap":{},"branchMap":{},"s":{"0":3,"1":3,"2":3},"f":{},"b":{},"_coverageSchema":"43e27e138ebf9cfc5966b082cf9a028302ed4184","hash":"bdde0573845d3e899948557a946ff55923a3c3e4"}
,"/Users/jennyzalwango/Desktop/forever_realers/ah-frontend-realers/src/auth/signup/redux/actions/signUpAction.jsx": {"path":"/Users/jennyzalwango/Desktop/forever_realers/ah-frontend-realers/src/auth/signup/redux/actions/signUpAction.jsx","statementMap":{"0":{"start":{"line":4,"column":23},"end":{"line":4,"column":84}},"1":{"start":{"line":6,"column":19},"end":{"line":24,"column":1}},"2":{"start":{"line":6,"column":31},"end":{"line":24,"column":1}},"3":{"start":{"line":7,"column":2},"end":{"line":7,"column":40}},"4":{"start":{"line":8,"column":2},"end":{"line":23,"column":78}},"5":{"start":{"line":15,"column":17},"end":{"line":15,"column":27}},"6":{"start":{"line":17,"column":6},"end":{"line":17,"column":19}},"7":{"start":{"line":18,"column":6},"end":{"line":21,"column":9}},"8":{"start":{"line":23,"column":21},"end":{"line":23,"column":75}}},"fnMap":{"0":{"name":"(anonymous_0)","decl":{"start":{"line":6,"column":19},"end":{"line":6,"column":20}},"loc":{"start":{"line":6,"column":31},"end":{"line":24,"column":1}},"line":6},"1":{"name":"(anonymous_1)","decl":{"start":{"line":6,"column":31},"end":{"line":6,"column":32}},"loc":{"start":{"line":6,"column":45},"end":{"line":24,"column":1}},"line":6},"2":{"name":"(anonymous_2)","decl":{"start":{"line":15,"column":10},"end":{"line":15,"column":11}},"loc":{"start":{"line":15,"column":17},"end":{"line":15,"column":27}},"line":15},"3":{"name":"(anonymous_3)","decl":{"start":{"line":16,"column":10},"end":{"line":16,"column":11}},"loc":{"start":{"line":16,"column":20},"end":{"line":22,"column":5}},"line":16},"4":{"name":"(anonymous_4)","decl":{"start":{"line":23,"column":11},"end":{"line":23,"column":12}},"loc":{"start":{"line":23,"column":21},"end":{"line":23,"column":75}},"line":23}},"branchMap":{},"s":{"0":3,"1":3,"2":1,"3":1,"4":1,"5":1,"6":1,"7":1,"8":0},"f":{"0":1,"1":1,"2":1,"3":1,"4":0},"b":{},"_coverageSchema":"43e27e138ebf9cfc5966b082cf9a028302ed4184","hash":"0a7faf55bacb4952e63a85d226146a8eb9f0f236"}
,"/Users/jennyzalwango/Desktop/forever_realers/ah-frontend-realers/src/auth/signup/redux/reducer/signUpReducer.jsx": {"path":"/Users/jennyzalwango/Desktop/forever_realers/ah-frontend-realers/src/auth/signup/redux/reducer/signUpReducer.jsx","statementMap":{"0":{"start":{"line":3,"column":21},"end":{"line":7,"column":1}},"1":{"start":{"line":10,"column":2},"end":{"line":30,"column":3}},"2":{"start":{"line":12,"column":6},"end":{"line":16,"column":8}},"3":{"start":{"line":18,"column":6},"end":{"line":21,"column":8}},"4":{"start":{"line":23,"column":6},"end":{"line":27,"column":8}},"5":{"start":{"line":29,"column":6},"end":{"line":29,"column":19}}},"fnMap":{"0":{"name":"(anonymous_0)","decl":{"start":{"line":9,"column":15},"end":{"line":9,"column":16}},"loc":{"start":{"line":9,"column":55},"end":{"line":31,"column":1}},"line":9}},"branchMap":{"0":{"loc":{"start":{"line":9,"column":25},"end":{"line":9,"column":45}},"type":"default-arg","locations":[{"start":{"line":9,"column":33},"end":{"line":9,"column":45}}],"line":9},"1":{"loc":{"start":{"line":10,"column":2},"end":{"line":30,"column":3}},"type":"switch","locations":[{"start":{"line":11,"column":4},"end":{"line":16,"column":8}},{"start":{"line":17,"column":4},"end":{"line":21,"column":8}},{"start":{"line":22,"column":4},"end":{"line":27,"column":8}},{"start":{"line":28,"column":4},"end":{"line":29,"column":19}}],"line":10}},"s":{"0":1,"1":3,"2":0,"3":0,"4":0,"5":3},"f":{"0":3},"b":{"0":[3],"1":[0,0,0,3]},"_coverageSchema":"43e27e138ebf9cfc5966b082cf9a028302ed4184","hash":"e3b6f018cbc509f5cf4349125acf17ed5237d5c0"}
,"/Users/jennyzalwango/Desktop/forever_realers/ah-frontend-realers/src/auth/socialAuth/facebook/components/Facebook.jsx": {"path":"/Users/jennyzalwango/Desktop/forever_realers/ah-frontend-realers/src/auth/socialAuth/facebook/components/Facebook.jsx","statementMap":{"0":{"start":{"line":7,"column":21},"end":{"line":32,"column":3}},"1":{"start":{"line":8,"column":19},"end":{"line":13,"column":5}},"2":{"start":{"line":15,"column":4},"end":{"line":31,"column":9}},"3":{"start":{"line":26,"column":8},"end":{"line":26,"column":69}},"4":{"start":{"line":27,"column":8},"end":{"line":27,"column":34}},"5":{"start":{"line":30,"column":8},"end":{"line":30,"column":54}},"6":{"start":{"line":34,"column":4},"end":{"line":44,"column":6}}},"fnMap":{"0":{"name":"(anonymous_0)","decl":{"start":{"line":7,"column":21},"end":{"line":7,"column":22}},"loc":{"start":{"line":7,"column":35},"end":{"line":32,"column":3}},"line":7},"1":{"name":"(anonymous_1)","decl":{"start":{"line":25,"column":12},"end":{"line":25,"column":13}},"loc":{"start":{"line":25,"column":24},"end":{"line":28,"column":7}},"line":25},"2":{"name":"(anonymous_2)","decl":{"start":{"line":29,"column":13},"end":{"line":29,"column":14}},"loc":{"start":{"line":29,"column":19},"end":{"line":31,"column":7}},"line":29},"3":{"name":"(anonymous_3)","decl":{"start":{"line":33,"column":2},"end":{"line":33,"column":3}},"loc":{"start":{"line":33,"column":11},"end":{"line":45,"column":3}},"line":33}},"branchMap":{},"s":{"0":2,"1":1,"2":1,"3":0,"4":0,"5":0,"6":2},"f":{"0":1,"1":0,"2":0,"3":2},"b":{},"_coverageSchema":"43e27e138ebf9cfc5966b082cf9a028302ed4184","hash":"df316a97771461354e8b35616d10563b38d59926"}
,"/Users/jennyzalwango/Desktop/forever_realers/ah-frontend-realers/src/auth/socialAuth/google/components/Google.jsx": {"path":"/Users/jennyzalwango/Desktop/forever_realers/ah-frontend-realers/src/auth/socialAuth/google/components/Google.jsx","statementMap":{"0":{"start":{"line":7,"column":19},"end":{"line":32,"column":3}},"1":{"start":{"line":8,"column":19},"end":{"line":13,"column":5}},"2":{"start":{"line":15,"column":4},"end":{"line":31,"column":9}},"3":{"start":{"line":26,"column":8},"end":{"line":26,"column":69}},"4":{"start":{"line":27,"column":8},"end":{"line":27,"column":34}},"5":{"start":{"line":30,"column":8},"end":{"line":30,"column":51}},"6":{"start":{"line":35,"column":4},"end":{"line":45,"column":6}}},"fnMap":{"0":{"name":"(anonymous_0)","decl":{"start":{"line":7,"column":19},"end":{"line":7,"column":20}},"loc":{"start":{"line":7,"column":31},"end":{"line":32,"column":3}},"line":7},"1":{"name":"(anonymous_1)","decl":{"start":{"line":25,"column":12},"end":{"line":25,"column":13}},"loc":{"start":{"line":25,"column":24},"end":{"line":28,"column":7}},"line":25},"2":{"name":"(anonymous_2)","decl":{"start":{"line":29,"column":13},"end":{"line":29,"column":14}},"loc":{"start":{"line":29,"column":19},"end":{"line":31,"column":7}},"line":29},"3":{"name":"(anonymous_3)","decl":{"start":{"line":33,"column":2},"end":{"line":33,"column":3}},"loc":{"start":{"line":33,"column":11},"end":{"line":46,"column":3}},"line":33}},"branchMap":{},"s":{"0":2,"1":1,"2":1,"3":0,"4":0,"5":0,"6":2},"f":{"0":1,"1":0,"2":0,"3":2},"b":{},"_coverageSchema":"43e27e138ebf9cfc5966b082cf9a028302ed4184","hash":"09889ab02c89df8d3a391b465597d6b05cfbe1e4"}
,"/Users/jennyzalwango/Desktop/forever_realers/ah-frontend-realers/src/commons/history.js": {"path":"/Users/jennyzalwango/Desktop/forever_realers/ah-frontend-realers/src/commons/history.js","statementMap":{},"fnMap":{},"branchMap":{},"s":{},"f":{},"b":{},"_coverageSchema":"43e27e138ebf9cfc5966b082cf9a028302ed4184","hash":"1c13a8915c8a43b5a84be7f33c72284bf9e55d04"}
,"/Users/jennyzalwango/Desktop/forever_realers/ah-frontend-realers/src/commons/components/Article.jsx": {"path":"/Users/jennyzalwango/Desktop/forever_realers/ah-frontend-realers/src/commons/components/Article.jsx","statementMap":{"0":{"start":{"line":12,"column":18},"end":{"line":12,"column":32}},"1":{"start":{"line":13,"column":20},"end":{"line":13,"column":37}},"2":{"start":{"line":14,"column":18},"end":{"line":14,"column":20}},"3":{"start":{"line":16,"column":2},"end":{"line":23,"column":3}},"4":{"start":{"line":17,"column":4},"end":{"line":17,"column":35}},"5":{"start":{"line":18,"column":4},"end":{"line":22,"column":7}},"6":{"start":{"line":25,"column":2},"end":{"line":60,"column":4}},"7":{"start":{"line":41,"column":34},"end":{"line":41,"column":48}},"8":{"start":{"line":63,"column":0},"end":{"line":65,"column":2}},"9":{"start":{"line":68,"column":0},"end":{"line":70,"column":2}}},"fnMap":{"0":{"name":"Article","decl":{"start":{"line":11,"column":9},"end":{"line":11,"column":16}},"loc":{"start":{"line":11,"column":51},"end":{"line":61,"column":1}},"line":11},"1":{"name":"(anonymous_1)","decl":{"start":{"line":41,"column":28},"end":{"line":41,"column":29}},"loc":{"start":{"line":41,"column":34},"end":{"line":41,"column":48}},"line":41}},"branchMap":{"0":{"loc":{"start":{"line":16,"column":2},"end":{"line":23,"column":3}},"type":"if","locations":[{"start":{"line":16,"column":2},"end":{"line":23,"column":3}},{"start":{"line":16,"column":2},"end":{"line":23,"column":3}}],"line":16}},"s":{"0":2,"1":2,"2":2,"3":2,"4":1,"5":1,"6":2,"7":0,"8":6,"9":6},"f":{"0":2,"1":0},"b":{"0":[1,1]},"_coverageSchema":"43e27e138ebf9cfc5966b082cf9a028302ed4184","hash":"6a87276c0930233a308cf2e0f012c24a208cdbd2"}
,"/Users/jennyzalwango/Desktop/forever_realers/ah-frontend-realers/src/commons/components/ErrorLabel.jsx": {"path":"/Users/jennyzalwango/Desktop/forever_realers/ah-frontend-realers/src/commons/components/ErrorLabel.jsx","statementMap":{"0":{"start":{"line":8,"column":2},"end":{"line":15,"column":4}},"1":{"start":{"line":18,"column":0},"end":{"line":21,"column":2}},"2":{"start":{"line":24,"column":0},"end":{"line":27,"column":2}}},"fnMap":{"0":{"name":"ErrorLabel","decl":{"start":{"line":7,"column":9},"end":{"line":7,"column":19}},"loc":{"start":{"line":7,"column":38},"end":{"line":16,"column":1}},"line":7}},"branchMap":{},"s":{"0":5,"1":5,"2":5},"f":{"0":5},"b":{},"_coverageSchema":"43e27e138ebf9cfc5966b082cf9a028302ed4184","hash":"d5cc7c8d5ce8b789e52c9d1f311e9f80dbd99ee9"}
,"/Users/jennyzalwango/Desktop/forever_realers/ah-frontend-realers/src/commons/components/FooterSection.jsx": {"path":"/Users/jennyzalwango/Desktop/forever_realers/ah-frontend-realers/src/commons/components/FooterSection.jsx","statementMap":{"0":{"start":{"line":9,"column":2},"end":{"line":19,"column":4}}},"fnMap":{"0":{"name":"FootSection","decl":{"start":{"line":8,"column":24},"end":{"line":8,"column":35}},"loc":{"start":{"line":8,"column":38},"end":{"line":20,"column":1}},"line":8}},"branchMap":{},"s":{"0":1},"f":{"0":1},"b":{},"_coverageSchema":"43e27e138ebf9cfc5966b082cf9a028302ed4184","hash":"5a82428fdf7fe4f10072e82450d31345732b454e"}
,"/Users/jennyzalwango/Desktop/forever_realers/ah-frontend-realers/src/commons/components/HeaderSection.jsx": {"path":"/Users/jennyzalwango/Desktop/forever_realers/ah-frontend-realers/src/commons/components/HeaderSection.jsx","statementMap":{"0":{"start":{"line":7,"column":2},"end":{"line":13,"column":4}}},"fnMap":{"0":{"name":"HeaderSection","decl":{"start":{"line":6,"column":24},"end":{"line":6,"column":37}},"loc":{"start":{"line":6,"column":40},"end":{"line":14,"column":1}},"line":6}},"branchMap":{},"s":{"0":1},"f":{"0":1},"b":{},"_coverageSchema":"43e27e138ebf9cfc5966b082cf9a028302ed4184","hash":"bcd1bdc4cfce49decd0e77dedc2c10af5106f2b3"}
,"/Users/jennyzalwango/Desktop/forever_realers/ah-frontend-realers/src/commons/components/Loading.jsx": {"path":"/Users/jennyzalwango/Desktop/forever_realers/ah-frontend-realers/src/commons/components/Loading.jsx","statementMap":{"0":{"start":{"line":6,"column":2},"end":{"line":13,"column":4}}},"fnMap":{"0":{"name":"Loading","decl":{"start":{"line":5,"column":9},"end":{"line":5,"column":16}},"loc":{"start":{"line":5,"column":19},"end":{"line":14,"column":1}},"line":5}},"branchMap":{},"s":{"0":2},"f":{"0":2},"b":{},"_coverageSchema":"43e27e138ebf9cfc5966b082cf9a028302ed4184","hash":"76d2c5d873df76ccc38a083406ae2791b1070dbc"}
,"/Users/jennyzalwango/Desktop/forever_realers/ah-frontend-realers/src/commons/components/MenuBar.jsx": {"path":"/Users/jennyzalwango/Desktop/forever_realers/ah-frontend-realers/src/commons/components/MenuBar.jsx","statementMap":{"0":{"start":{"line":7,"column":2},"end":{"line":32,"column":4}}},"fnMap":{"0":{"name":"MenuBar","decl":{"start":{"line":6,"column":24},"end":{"line":6,"column":31}},"loc":{"start":{"line":6,"column":34},"end":{"line":33,"column":1}},"line":6}},"branchMap":{},"s":{"0":1},"f":{"0":1},"b":{},"_coverageSchema":"43e27e138ebf9cfc5966b082cf9a028302ed4184","hash":"4598756710a99c55bb4074ca014998d22d5a1829"}
,"/Users/jennyzalwango/Desktop/forever_realers/ah-frontend-realers/src/commons/components/NavSection.jsx": {"path":"/Users/jennyzalwango/Desktop/forever_realers/ah-frontend-realers/src/commons/components/NavSection.jsx","statementMap":{"0":{"start":{"line":7,"column":2},"end":{"line":34,"column":4}}},"fnMap":{"0":{"name":"NavSection","decl":{"start":{"line":6,"column":24},"end":{"line":6,"column":34}},"loc":{"start":{"line":6,"column":37},"end":{"line":35,"column":1}},"line":6}},"branchMap":{},"s":{"0":1},"f":{"0":1},"b":{},"_coverageSchema":"43e27e138ebf9cfc5966b082cf9a028302ed4184","hash":"53f27992bd8265e4de3d053adb18c402315dfcbe"}
,"/Users/jennyzalwango/Desktop/forever_realers/ah-frontend-realers/src/commons/containers/CustomButton.jsx": {"path":"/Users/jennyzalwango/Desktop/forever_realers/ah-frontend-realers/src/commons/containers/CustomButton.jsx","statementMap":{"0":{"start":{"line":9,"column":21},"end":{"line":13,"column":1}},"1":{"start":{"line":10,"column":2},"end":{"line":12,"column":5}},"2":{"start":{"line":15,"column":0},"end":{"line":18,"column":2}},"3":{"start":{"line":20,"column":0},"end":{"line":23,"column":2}}},"fnMap":{"0":{"name":"(anonymous_0)","decl":{"start":{"line":9,"column":21},"end":{"line":9,"column":22}},"loc":{"start":{"line":10,"column":2},"end":{"line":12,"column":5}},"line":10}},"branchMap":{},"s":{"0":6,"1":1,"2":6,"3":6},"f":{"0":1},"b":{},"_coverageSchema":"43e27e138ebf9cfc5966b082cf9a028302ed4184","hash":"27a35a8363c0b8738e5fd7bb94b4b635de68d0af"}
,"/Users/jennyzalwango/Desktop/forever_realers/ah-frontend-realers/src/commons/containers/Search.jsx": {"path":"/Users/jennyzalwango/Desktop/forever_realers/ah-frontend-realers/src/commons/containers/Search.jsx","statementMap":{"0":{"start":{"line":10,"column":2},"end":{"line":28,"column":4}}},"fnMap":{"0":{"name":"Search","decl":{"start":{"line":9,"column":24},"end":{"line":9,"column":30}},"loc":{"start":{"line":9,"column":33},"end":{"line":29,"column":1}},"line":9}},"branchMap":{},"s":{"0":1},"f":{"0":1},"b":{},"_coverageSchema":"43e27e138ebf9cfc5966b082cf9a028302ed4184","hash":"0782ea36c7a5eb7ba6dc298e1f01d5093306baaa"}
}
