TN:
SF:/Users/jennyzalwango/Desktop/forever_realers/ah-frontend-realers/src/App.jsx
FN:18,App
FNF:1
FNH:1
FNDA:1,App
DA:19,1
LF:1
LH:1
BRF:0
BRH:0
end_of_record
TN:
SF:/Users/jennyzalwango/Desktop/forever_realers/ah-frontend-realers/src/Articles/components/AllArticles.jsx
FN:10,(anonymous_0)
FN:14,(anonymous_1)
FN:21,(anonymous_2)
FN:44,(anonymous_3)
FN:49,(anonymous_4)
FN:50,(anonymous_5)
FNF:6
FNH:6
FNDA:2,(anonymous_0)
FNDA:3,(anonymous_1)
FNDA:3,(anonymous_2)
FNDA:1,(anonymous_3)
FNDA:2,(anonymous_4)
FNDA:1,(anonymous_5)
DA:11,2
DA:12,2
DA:15,3
DA:16,3
DA:22,3
DA:34,2
DA:39,2
DA:44,2
DA:45,1
DA:46,1
DA:49,2
DA:51,1
LF:12
LH:12
BRDA:19,0,0,3
BRDA:19,0,1,0
BRF:2
BRH:1
end_of_record
TN:
SF:/Users/jennyzalwango/Desktop/forever_realers/ah-frontend-realers/src/Articles/redux/types.jsx
FNF:0
FNH:0
DA:1,4
DA:2,4
DA:3,4
LF:3
LH:3
BRF:0
BRH:0
end_of_record
TN:
SF:/Users/jennyzalwango/Desktop/forever_realers/ah-frontend-realers/src/Articles/redux/actions/AllArticlesActions.js
FN:4,(anonymous_0)
FN:8,(anonymous_1)
FN:13,(anonymous_2)
FN:21,(anonymous_3)
FN:21,(anonymous_4)
FN:25,(anonymous_5)
FN:26,(anonymous_6)
FNF:7
FNH:7
FNDA:2,(anonymous_0)
FNDA:1,(anonymous_1)
FNDA:1,(anonymous_2)
FNDA:3,(anonymous_3)
FNDA:2,(anonymous_4)
FNDA:1,(anonymous_5)
FNDA:1,(anonymous_6)
DA:4,3
DA:8,3
DA:13,3
DA:21,3
DA:22,2
DA:24,2
DA:25,1
DA:27,1
LF:8
LH:8
BRF:0
BRH:0
end_of_record
TN:
SF:/Users/jennyzalwango/Desktop/forever_realers/ah-frontend-realers/src/Articles/redux/reducers/allArticlesReducer.jsx
FN:9,(anonymous_0)
FNF:1
FNH:1
FNDA:7,(anonymous_0)
DA:3,2
DA:9,2
DA:10,7
DA:12,1
DA:19,1
DA:24,1
DA:30,4
LF:7
LH:7
BRDA:9,0,0,7
BRDA:10,1,0,1
BRDA:10,1,1,1
BRDA:10,1,2,1
BRDA:10,1,3,4
BRF:5
BRH:5
end_of_record
TN:
SF:/Users/jennyzalwango/Desktop/forever_realers/ah-frontend-realers/src/Landing/components/ActionButton.jsx
FN:5,ActionButton
FNF:1
FNH:1
FNDA:1,ActionButton
DA:6,1
LF:1
LH:1
BRF:0
BRH:0
end_of_record
TN:
SF:/Users/jennyzalwango/Desktop/forever_realers/ah-frontend-realers/src/Landing/components/LatestArticles.jsx
FN:13,LatestArticles
FN:23,(anonymous_1)
FNF:2
FNH:2
FNDA:3,LatestArticles
FNDA:2,(anonymous_1)
DA:14,3
DA:24,2
DA:42,3
LF:3
LH:3
BRDA:18,0,0,1
BRDA:18,0,1,2
BRF:2
BRH:2
end_of_record
TN:
SF:/Users/jennyzalwango/Desktop/forever_realers/ah-frontend-realers/src/Landing/components/RecommendArticles.jsx
FN:10,RecommendedArticles
FNF:1
FNH:1
FNDA:3,RecommendedArticles
DA:11,3
LF:1
LH:1
BRDA:15,0,0,1
BRDA:15,0,1,2
BRF:2
BRH:2
end_of_record
TN:
SF:/Users/jennyzalwango/Desktop/forever_realers/ah-frontend-realers/src/Landing/containers/Landing.jsx
FN:12,(anonymous_0)
FN:16,(anonymous_1)
FN:47,(anonymous_2)
FNF:3
FNH:3
FNDA:2,(anonymous_0)
FNDA:3,(anonymous_1)
FNDA:1,(anonymous_2)
DA:13,2
DA:22,3
DA:24,3
DA:47,2
LF:4
LH:4
BRDA:27,0,0,1
BRDA:27,0,1,2
BRF:2
BRH:2
end_of_record
TN:
SF:/Users/jennyzalwango/Desktop/forever_realers/ah-frontend-realers/src/Landing/redux/types.jsx
FNF:0
FNH:0
DA:1,4
DA:2,4
DA:3,4
LF:3
LH:3
BRF:0
BRH:0
end_of_record
TN:
SF:/Users/jennyzalwango/Desktop/forever_realers/ah-frontend-realers/src/Landing/redux/actions/latestArticlesAction.js
FN:5,(anonymous_0)
FN:9,(anonymous_1)
FN:18,(anonymous_2)
FN:18,(anonymous_3)
FN:22,(anonymous_4)
FN:26,(anonymous_5)
FNF:6
FNH:6
FNDA:2,(anonymous_0)
FNDA:1,(anonymous_1)
FNDA:2,(anonymous_2)
FNDA:2,(anonymous_3)
FNDA:1,(anonymous_4)
FNDA:1,(anonymous_5)
DA:5,3
DA:9,3
DA:18,3
DA:19,2
DA:21,2
DA:22,1
DA:27,1
LF:7
LH:7
BRF:0
BRH:0
end_of_record
TN:
SF:/Users/jennyzalwango/Desktop/forever_realers/ah-frontend-realers/src/Landing/redux/reducers/latestArticlesReducer.jsx
FN:11,(anonymous_0)
FNF:1
FNH:1
FNDA:7,(anonymous_0)
DA:3,2
DA:11,2
DA:12,7
DA:14,1
DA:22,1
DA:27,1
DA:34,4
LF:7
LH:7
BRDA:11,0,0,4
BRDA:12,1,0,1
BRDA:12,1,1,1
BRDA:12,1,2,1
BRDA:12,1,3,4
BRF:5
BRH:5
end_of_record
TN:
SF:/Users/jennyzalwango/Desktop/forever_realers/ah-frontend-realers/src/Mainstore/Store.js
FN:22,(anonymous_0)
FNF:1
FNH:1
FNDA:1,(anonymous_0)
DA:12,1
DA:20,1
DA:22,1
DA:24,1
LF:4
LH:4
BRDA:22,0,0,0
BRDA:22,0,1,1
BRF:2
BRH:1
end_of_record
TN:
SF:/Users/jennyzalwango/Desktop/forever_realers/ah-frontend-realers/src/ViewArticle/components/VeiwArticleComponent.jsx
FN:8,(anonymous_0)
FNF:1
FNH:1
FNDA:1,(anonymous_0)
DA:8,3
DA:9,1
DA:59,3
DA:63,3
LF:4
LH:4
BRDA:19,0,0,1
BRDA:19,0,1,1
BRDA:28,1,0,1
BRDA:28,1,1,1
BRDA:49,2,0,1
BRDA:49,2,1,1
BRF:6
BRH:6
end_of_record
TN:
SF:/Users/jennyzalwango/Desktop/forever_realers/ah-frontend-realers/src/ViewArticle/container/ViewArticleContainer.jsx
FN:8,(anonymous_0)
FN:17,(anonymous_1)
FN:38,(anonymous_2)
FNF:3
FNH:2
FNDA:1,(anonymous_0)
FNDA:1,(anonymous_1)
FNDA:0,(anonymous_2)
DA:12,1
DA:13,1
DA:14,1
DA:18,1
DA:19,1
DA:25,2
DA:31,2
DA:38,2
LF:8
LH:8
BRF:0
BRH:0
end_of_record
TN:
SF:/Users/jennyzalwango/Desktop/forever_realers/ah-frontend-realers/src/ViewArticle/redux/ArticleUrl.js
FNF:0
FNH:0
DA:1,3
LF:1
LH:1
BRF:0
BRH:0
end_of_record
TN:
SF:/Users/jennyzalwango/Desktop/forever_realers/ah-frontend-realers/src/ViewArticle/redux/types.js
FNF:0
FNH:0
DA:1,4
LF:1
LH:1
BRF:0
BRH:0
end_of_record
TN:
SF:/Users/jennyzalwango/Desktop/forever_realers/ah-frontend-realers/src/ViewArticle/redux/Actions/ViewArticleAction.jsx
FN:5,(anonymous_0)
FN:5,(anonymous_1)
FN:10,(anonymous_2)
FN:15,(anonymous_3)
FNF:4
FNH:4
FNDA:2,(anonymous_0)
FNDA:2,(anonymous_1)
FNDA:1,(anonymous_2)
FNDA:1,(anonymous_3)
DA:5,3
DA:6,2
DA:9,2
DA:11,1
DA:16,1
LF:5
LH:5
BRF:0
BRH:0
end_of_record
TN:
SF:/Users/jennyzalwango/Desktop/forever_realers/ah-frontend-realers/src/ViewArticle/redux/reducers/ViewArticlereducer.jsx
FN:7,(anonymous_0)
FNF:1
FNH:1
FNDA:6,(anonymous_0)
DA:3,2
DA:8,6
DA:10,1
DA:16,1
DA:22,1
DA:27,3
LF:6
LH:6
BRDA:7,0,0,3
BRDA:8,1,0,1
BRDA:8,1,1,1
BRDA:8,1,2,1
BRDA:8,1,3,3
BRF:5
BRH:5
end_of_record
TN:
SF:/Users/jennyzalwango/Desktop/forever_realers/ah-frontend-realers/src/__mock__/articleData.js
FNF:0
FNH:0
DA:2,5
LF:1
LH:1
BRF:0
BRH:0
end_of_record
TN:
SF:/Users/jennyzalwango/Desktop/forever_realers/ah-frontend-realers/src/auth/Login/components/LoginComponent.jsx
FN:11,(anonymous_0)
FNF:1
FNH:1
FNDA:1,(anonymous_0)
DA:9,3
DA:11,3
DA:24,1
DA:84,3
DA:94,3
LF:5
LH:5
BRDA:31,0,0,0
BRDA:31,0,1,1
BRDA:43,1,0,0
BRDA:43,1,1,1
BRDA:53,2,0,1
BRDA:53,2,1,0
BRDA:60,3,0,1
BRDA:60,3,1,0
BRDA:68,4,0,0
BRDA:68,4,1,1
BRF:10
BRH:5
end_of_record
TN:
SF:/Users/jennyzalwango/Desktop/forever_realers/ah-frontend-realers/src/auth/Login/containers/LoginContainer.jsx
FN:9,(anonymous_0)
FN:20,(anonymous_1)
FN:43,(anonymous_2)
FN:51,(anonymous_3)
FN:75,(anonymous_4)
FN:104,(anonymous_5)
FNF:6
FNH:5
FNDA:3,(anonymous_0)
FNDA:1,(anonymous_1)
FNDA:4,(anonymous_2)
FNDA:6,(anonymous_3)
FNDA:17,(anonymous_4)
FNDA:0,(anonymous_5)
DA:10,3
DA:11,3
DA:20,3
DA:21,1
DA:23,1
DA:24,1
DA:25,1
DA:26,1
DA:28,1
DA:29,1
DA:30,1
DA:32,0
DA:33,0
DA:35,1
DA:37,0
DA:40,1
DA:43,3
DA:44,4
DA:45,4
DA:46,0
DA:48,4
DA:51,3
DA:52,6
DA:53,6
DA:54,6
DA:61,6
DA:62,0
DA:64,6
DA:65,5
DA:67,6
DA:69,6
DA:70,6
DA:71,0
DA:76,17
DA:81,17
DA:82,17
DA:97,2
DA:104,2
LF:38
LH:32
BRDA:26,0,0,1
BRDA:26,0,1,0
BRDA:28,1,0,1
BRDA:28,1,1,0
BRDA:45,2,0,0
BRDA:45,2,1,4
BRDA:61,3,0,0
BRDA:61,3,1,6
BRDA:64,4,0,5
BRDA:64,4,1,1
BRDA:70,5,0,0
BRDA:70,5,1,6
BRDA:70,6,0,6
BRDA:70,6,1,6
BRF:14
BRH:9
end_of_record
TN:
SF:/Users/jennyzalwango/Desktop/forever_realers/ah-frontend-realers/src/auth/Login/redux/loginUrls.js
FNF:0
FNH:0
DA:1,3
LF:1
LH:1
BRF:0
BRH:0
end_of_record
TN:
SF:/Users/jennyzalwango/Desktop/forever_realers/ah-frontend-realers/src/auth/Login/redux/types.js
FNF:0
FNH:0
DA:1,4
LF:1
LH:1
BRF:0
BRH:0
end_of_record
TN:
SF:/Users/jennyzalwango/Desktop/forever_realers/ah-frontend-realers/src/auth/Login/redux/validations.js
FNF:0
FNH:0
DA:1,2
LF:1
LH:1
BRF:0
BRH:0
end_of_record
TN:
SF:/Users/jennyzalwango/Desktop/forever_realers/ah-frontend-realers/src/auth/Login/redux/actions/LoginAction.js
FN:6,(anonymous_0)
FN:6,(anonymous_1)
FN:11,(anonymous_2)
FN:21,(anonymous_3)
FNF:4
FNH:4
FNDA:2,(anonymous_0)
FNDA:2,(anonymous_1)
FNDA:1,(anonymous_2)
FNDA:1,(anonymous_3)
DA:6,3
DA:7,2
DA:10,2
DA:12,1
DA:13,1
DA:14,1
DA:15,1
DA:19,1
DA:22,1
LF:9
LH:9
BRF:0
BRH:0
end_of_record
TN:
SF:/Users/jennyzalwango/Desktop/forever_realers/ah-frontend-realers/src/auth/Login/redux/reducers/loginReducer.js
FN:14,(anonymous_0)
FNF:1
FNH:1
FNDA:6,(anonymous_0)
DA:3,2
DA:15,6
DA:17,1
DA:24,1
DA:32,1
DA:39,3
LF:6
LH:6
BRDA:14,0,0,3
BRDA:15,1,0,1
BRDA:15,1,1,1
BRDA:15,1,2,1
BRDA:15,1,3,3
BRF:5
BRH:5
end_of_record
TN:
SF:/Users/jennyzalwango/Desktop/forever_realers/ah-frontend-realers/src/auth/signup/Validation.js
FN:15,(anonymous_0)
FNF:1
FNH:1
FNDA:5,(anonymous_0)
DA:1,3
DA:7,3
DA:11,3
DA:15,3
DA:16,5
DA:17,5
DA:19,2
DA:20,1
DA:22,2
DA:24,2
DA:25,1
DA:26,2
DA:27,1
DA:29,2
DA:31,1
DA:33,5
LF:16
LH:16
BRDA:17,0,0,2
BRDA:17,0,1,2
BRDA:17,0,2,1
BRDA:19,1,0,1
BRDA:19,1,1,1
BRDA:24,2,0,1
BRDA:24,2,1,1
BRDA:26,3,0,1
BRDA:26,3,1,1
BRF:9
BRH:9
end_of_record
TN:
SF:/Users/jennyzalwango/Desktop/forever_realers/ah-frontend-realers/src/auth/signup/helper.js
FN:2,(anonymous_0)
FNF:1
FNH:0
FNDA:0,(anonymous_0)
DA:2,3
DA:3,0
DA:4,0
DA:5,0
DA:6,0
DA:7,0
DA:9,0
DA:10,0
DA:11,0
DA:14,0
DA:15,0
DA:16,0
LF:12
LH:1
BRDA:3,0,0,0
BRDA:3,0,1,0
BRDA:6,1,0,0
BRDA:6,1,1,0
BRDA:9,2,0,0
BRDA:9,2,1,0
BRF:6
BRH:0
end_of_record
TN:
SF:/Users/jennyzalwango/Desktop/forever_realers/ah-frontend-realers/src/auth/signup/components/SignUp.jsx
FN:10,(anonymous_0)
FN:14,(anonymous_1)
FN:40,(anonymous_2)
FN:59,(anonymous_3)
FN:73,(anonymous_4)
FN:107,(anonymous_5)
FNF:6
FNH:5
FNDA:16,(anonymous_0)
FNDA:1,(anonymous_1)
FNDA:1,(anonymous_2)
FNDA:1,(anonymous_3)
FNDA:2,(anonymous_4)
FNDA:0,(anonymous_5)
DA:8,2
DA:10,2
DA:11,16
DA:12,16
DA:14,16
DA:15,1
DA:22,1
DA:23,1
DA:26,16
DA:41,1
DA:60,1
DA:74,2
DA:102,2
DA:107,2
LF:14
LH:14
BRDA:48,0,0,16
BRDA:48,0,1,1
BRDA:48,0,2,1
BRDA:52,1,0,16
BRDA:52,1,1,0
BRDA:81,2,0,16
BRDA:81,2,1,2
BRDA:81,2,2,2
BRF:8
BRH:7
end_of_record
TN:
SF:/Users/jennyzalwango/Desktop/forever_realers/ah-frontend-realers/src/auth/signup/redux/types.jsx
FNF:0
FNH:0
DA:1,3
DA:2,3
DA:3,3
LF:3
LH:3
BRF:0
BRH:0
end_of_record
TN:
SF:/Users/jennyzalwango/Desktop/forever_realers/ah-frontend-realers/src/auth/signup/redux/actions/signUpAction.jsx
FN:6,(anonymous_0)
FN:6,(anonymous_1)
FN:15,(anonymous_2)
FN:16,(anonymous_3)
FN:23,(anonymous_4)
FNF:5
FNH:4
FNDA:1,(anonymous_0)
FNDA:1,(anonymous_1)
FNDA:1,(anonymous_2)
FNDA:1,(anonymous_3)
FNDA:0,(anonymous_4)
DA:4,3
DA:6,3
DA:7,1
DA:8,1
DA:15,1
DA:17,1
DA:18,1
DA:23,0
LF:8
LH:7
BRF:0
BRH:0
end_of_record
TN:
SF:/Users/jennyzalwango/Desktop/forever_realers/ah-frontend-realers/src/auth/signup/redux/reducer/signUpReducer.jsx
FN:9,(anonymous_0)
FNF:1
FNH:1
FNDA:3,(anonymous_0)
DA:3,1
DA:10,3
DA:12,0
DA:18,0
DA:23,0
DA:29,3
LF:6
LH:3
BRDA:9,0,0,3
BRDA:10,1,0,0
BRDA:10,1,1,0
BRDA:10,1,2,0
BRDA:10,1,3,3
BRF:5
BRH:2
end_of_record
TN:
SF:/Users/jennyzalwango/Desktop/forever_realers/ah-frontend-realers/src/auth/socialAuth/facebook/components/Facebook.jsx
FN:7,(anonymous_0)
FN:25,(anonymous_1)
FN:29,(anonymous_2)
FN:33,(anonymous_3)
FNF:4
FNH:2
FNDA:1,(anonymous_0)
FNDA:0,(anonymous_1)
FNDA:0,(anonymous_2)
FNDA:2,(anonymous_3)
DA:7,2
DA:8,1
DA:15,1
DA:26,0
DA:27,0
DA:30,0
DA:34,2
LF:7
LH:4
BRF:0
BRH:0
end_of_record
TN:
SF:/Users/jennyzalwango/Desktop/forever_realers/ah-frontend-realers/src/auth/socialAuth/google/components/Google.jsx
FN:7,(anonymous_0)
FN:25,(anonymous_1)
FN:29,(anonymous_2)
FN:33,(anonymous_3)
FNF:4
FNH:2
FNDA:1,(anonymous_0)
FNDA:0,(anonymous_1)
FNDA:0,(anonymous_2)
FNDA:2,(anonymous_3)
DA:7,2
DA:8,1
DA:15,1
DA:26,0
DA:27,0
DA:30,0
DA:35,2
LF:7
LH:4
BRF:0
BRH:0
end_of_record
TN:
SF:/Users/jennyzalwango/Desktop/forever_realers/ah-frontend-realers/src/commons/history.js
FNF:0
FNH:0
LF:0
LH:0
BRF:0
BRH:0
end_of_record
TN:
SF:/Users/jennyzalwango/Desktop/forever_realers/ah-frontend-realers/src/commons/components/Article.jsx
FN:11,Article
FN:41,(anonymous_1)
FNF:2
FNH:1
FNDA:2,Article
FNDA:0,(anonymous_1)
DA:12,2
DA:13,2
DA:14,2
DA:16,2
DA:17,1
DA:18,1
DA:25,2
DA:41,0
DA:63,6
DA:68,6
LF:10
LH:9
BRDA:16,0,0,1
BRDA:16,0,1,1
BRF:2
BRH:2
end_of_record
TN:
SF:/Users/jennyzalwango/Desktop/forever_realers/ah-frontend-realers/src/commons/components/ErrorLabel.jsx
FN:7,ErrorLabel
FNF:1
FNH:1
FNDA:5,ErrorLabel
DA:8,5
DA:18,5
DA:24,5
LF:3
LH:3
BRF:0
BRH:0
end_of_record
TN:
SF:/Users/jennyzalwango/Desktop/forever_realers/ah-frontend-realers/src/commons/components/FooterSection.jsx
FN:8,FootSection
FNF:1
FNH:1
FNDA:1,FootSection
DA:9,1
LF:1
LH:1
BRF:0
BRH:0
end_of_record
TN:
SF:/Users/jennyzalwango/Desktop/forever_realers/ah-frontend-realers/src/commons/components/HeaderSection.jsx
FN:6,HeaderSection
FNF:1
FNH:1
FNDA:1,HeaderSection
DA:7,1
LF:1
LH:1
BRF:0
BRH:0
end_of_record
TN:
SF:/Users/jennyzalwango/Desktop/forever_realers/ah-frontend-realers/src/commons/components/Loading.jsx
FN:5,Loading
FNF:1
FNH:1
FNDA:2,Loading
DA:6,2
LF:1
LH:1
BRF:0
BRH:0
end_of_record
TN:
SF:/Users/jennyzalwango/Desktop/forever_realers/ah-frontend-realers/src/commons/components/MenuBar.jsx
FN:6,MenuBar
FNF:1
FNH:1
FNDA:1,MenuBar
DA:7,1
LF:1
LH:1
BRF:0
BRH:0
end_of_record
TN:
SF:/Users/jennyzalwango/Desktop/forever_realers/ah-frontend-realers/src/commons/components/NavSection.jsx
FN:6,NavSection
FNF:1
FNH:1
FNDA:1,NavSection
DA:7,1
LF:1
LH:1
BRF:0
BRH:0
end_of_record
TN:
SF:/Users/jennyzalwango/Desktop/forever_realers/ah-frontend-realers/src/commons/containers/CustomButton.jsx
FN:9,(anonymous_0)
FNF:1
FNH:1
FNDA:1,(anonymous_0)
DA:9,6
DA:10,1
DA:15,6
DA:20,6
LF:4
LH:4
BRF:0
BRH:0
end_of_record
TN:
SF:/Users/jennyzalwango/Desktop/forever_realers/ah-frontend-realers/src/commons/containers/Search.jsx
FN:9,Search
FNF:1
FNH:1
FNDA:1,Search
DA:10,1
LF:1
LH:1
BRF:0
BRH:0
end_of_record
