TN:
SF:/Users/jennyzalwango/Desktop/Bootcamp-Project/Epicmail-React/src/Login/components/LoginComponent.jsx
FN:6,(anonymous_0)
FNF:1
FNH:1
FNDA:1,(anonymous_0)
DA:5,2
DA:6,2
DA:19,1
DA:81,2
DA:91,2
LF:5
LH:5
BRDA:31,0,0,0
BRDA:31,0,1,1
BRDA:43,1,0,0
BRDA:43,1,1,1
BRDA:53,2,0,1
BRDA:53,2,1,0
BRDA:60,3,0,1
BRDA:60,3,1,0
BRDA:67,4,0,0
BRDA:67,4,1,1
BRF:10
BRH:5
end_of_record
TN:
SF:/Users/jennyzalwango/Desktop/Bootcamp-Project/Epicmail-React/src/Login/containers/LoginContainer.jsx
FN:9,(anonymous_0)
FN:20,(anonymous_1)
FN:42,(anonymous_2)
FN:50,(anonymous_3)
FN:72,(anonymous_4)
FN:101,(anonymous_5)
FNF:6
FNH:5
FNDA:3,(anonymous_0)
FNDA:1,(anonymous_1)
FNDA:4,(anonymous_2)
FNDA:6,(anonymous_3)
FNDA:17,(anonymous_4)
FNDA:0,(anonymous_5)
DA:10,3
DA:11,3
DA:20,3
DA:21,1
DA:23,1
DA:24,1
DA:25,1
DA:26,1
DA:28,1
DA:29,1
DA:30,1
DA:32,0
DA:33,0
DA:35,1
DA:37,0
DA:39,1
DA:42,3
DA:43,4
DA:44,4
DA:45,0
DA:47,4
DA:50,3
DA:51,6
DA:52,6
DA:53,6
DA:58,6
DA:59,0
DA:61,6
DA:62,5
DA:64,6
DA:66,6
DA:67,6
DA:68,0
DA:73,17
DA:78,17
DA:79,17
DA:94,1
DA:101,1
LF:38
LH:32
BRDA:26,0,0,1
BRDA:26,0,1,0
BRDA:28,1,0,1
BRDA:28,1,1,0
BRDA:44,2,0,0
BRDA:44,2,1,4
BRDA:58,3,0,0
BRDA:58,3,1,6
BRDA:61,4,0,5
BRDA:61,4,1,1
BRDA:67,5,0,0
BRDA:67,5,1,6
BRDA:67,6,0,6
BRDA:67,6,1,6
BRF:14
BRH:9
end_of_record
TN:
SF:/Users/jennyzalwango/Desktop/Bootcamp-Project/Epicmail-React/src/Login/redux/loginUrls.js
FNF:0
FNH:0
DA:1,2
LF:1
LH:1
BRF:0
BRH:0
end_of_record
TN:
SF:/Users/jennyzalwango/Desktop/Bootcamp-Project/Epicmail-React/src/Login/redux/types.js
FNF:0
FNH:0
DA:1,3
LF:1
LH:1
BRF:0
BRH:0
end_of_record
TN:
SF:/Users/jennyzalwango/Desktop/Bootcamp-Project/Epicmail-React/src/Login/redux/validations.js
FNF:0
FNH:0
DA:1,1
LF:1
LH:1
BRF:0
BRH:0
end_of_record
TN:
SF:/Users/jennyzalwango/Desktop/Bootcamp-Project/Epicmail-React/src/Login/redux/actions/LoginAction.js
FN:7,(anonymous_0)
FN:7,(anonymous_1)
FN:18,(anonymous_2)
FN:33,(anonymous_3)
FNF:4
FNH:4
FNDA:2,(anonymous_0)
FNDA:2,(anonymous_1)
FNDA:1,(anonymous_2)
FNDA:2,(anonymous_3)
DA:7,2
DA:8,2
DA:11,2
DA:19,1
DA:23,1
DA:24,0
DA:25,0
DA:26,0
DA:31,0
DA:34,2
LF:10
LH:6
BRF:0
BRH:0
end_of_record
TN:
SF:/Users/jennyzalwango/Desktop/Bootcamp-Project/Epicmail-React/src/Login/redux/reducers/loginReducer.js
FN:13,(anonymous_0)
FNF:1
FNH:1
FNDA:3,(anonymous_0)
DA:2,1
DA:14,3
DA:16,1
DA:23,1
DA:31,1
DA:38,0
DA:44,0
LF:7
LH:5
BRDA:13,0,0,0
BRDA:14,1,0,1
BRDA:14,1,1,1
BRDA:14,1,2,1
BRDA:14,1,3,0
BRDA:14,1,4,0
BRF:6
BRH:3
end_of_record
